Linux 2.6.32-279.22.1.el6.x86_64 (Delta3.fbu.lab.emc.com) 	05/02/2013 	_x86_64_	(32 CPU)

avg-cpu:  %user   %nice %system %iowait  %steal   %idle
           1.47    0.00    0.42    1.84    0.00   96.27

Device:         rrqm/s   wrqm/s     r/s     w/s    rMB/s    wMB/s avgrq-sz avgqu-sz   await  svctm  %util
sda               0.28     3.62    0.66    0.67     0.05     0.02    99.35     0.01   10.73   2.68   0.36
sdb               0.00     0.00    0.00    0.00     0.00     0.00     8.36     0.00    0.49   0.49   0.00
sdc               0.00     0.00    0.00    0.00     0.00     0.00     8.36     0.00    0.53   0.52   0.00
dm-0              0.00     0.00    0.36    1.12     0.00     0.00    10.96     0.07   47.76   1.37   0.20
dm-1              0.00     0.00    0.00    0.00     0.00     0.00     8.00     0.00    3.73   1.91   0.00
dm-2              0.00     0.00    0.57    2.88     0.04     0.01    33.34     0.87  251.57   0.46   0.16

avg-cpu:  %user   %nice %system %iowait  %steal   %idle
           1.74    0.00    1.00    1.32    0.00   95.93

Device:         rrqm/s   wrqm/s     r/s     w/s    rMB/s    wMB/s avgrq-sz avgqu-sz   await  svctm  %util
sda               0.00     0.00    0.00    0.00     0.00     0.00     0.00     0.00    0.00   0.00   0.00
sdb               0.00     0.00    0.00    0.00     0.00     0.00     0.00     0.00    0.00   0.00   0.00
sdc               0.00     0.00    0.00    0.00     0.00     0.00     0.00     0.00    0.00   0.00   0.00
dm-0              0.00     0.00    0.00    0.00     0.00     0.00     0.00     0.00    0.00   0.00   0.00
dm-1              0.00     0.00    0.00    0.00     0.00     0.00     0.00     0.00    0.00   0.00   0.00
dm-2              0.00     0.00    0.00    0.00     0.00     0.00     0.00     0.00    0.00   0.00   0.00

avg-cpu:  %user   %nice %system %iowait  %steal   %idle
           1.87    0.00    1.03    1.31    0.00   95.79

Device:         rrqm/s   wrqm/s     r/s     w/s    rMB/s    wMB/s avgrq-sz avgqu-sz   await  svctm  %util
sda               0.00     2.33    0.00    2.33     0.00     0.02    13.71     0.01    6.14   6.14   1.43
sdb               0.00     0.00    0.00    0.00     0.00     0.00     0.00     0.00    0.00   0.00   0.00
sdc               0.00     0.00    0.00    0.00     0.00     0.00     0.00     0.00    0.00   0.00   0.00
dm-0              0.00     0.00    0.00    1.00     0.00     0.00     8.00     0.01    6.67   6.67   0.67
dm-1              0.00     0.00    0.00    0.00     0.00     0.00     0.00     0.00    0.00   0.00   0.00
dm-2              0.00     0.00    0.00    3.00     0.00     0.01     8.00     0.01    2.56   2.56   0.77

avg-cpu:  %user   %nice %system %iowait  %steal   %idle
           1.79    0.00    1.07    1.29    0.00   95.84

Device:         rrqm/s   wrqm/s     r/s     w/s    rMB/s    wMB/s avgrq-sz avgqu-sz   await  svctm  %util
sda               0.00     0.00    0.00    0.00     0.00     0.00     0.00     0.00    0.00   0.00   0.00
sdb               0.00     0.00    0.00    0.00     0.00     0.00     0.00     0.00    0.00   0.00   0.00
sdc               0.00     0.00    0.00    0.00     0.00     0.00     0.00     0.00    0.00   0.00   0.00
dm-0              0.00     0.00    0.00    0.00     0.00     0.00     0.00     0.00    0.00   0.00   0.00
dm-1              0.00     0.00    0.00    0.00     0.00     0.00     0.00     0.00    0.00   0.00   0.00
dm-2              0.00     0.00    0.00    0.00     0.00     0.00     0.00     0.00    0.00   0.00   0.00

avg-cpu:  %user   %nice %system %iowait  %steal   %idle
           1.72    0.00    1.03    1.34    0.00   95.91

Device:         rrqm/s   wrqm/s     r/s     w/s    rMB/s    wMB/s avgrq-sz avgqu-sz   await  svctm  %util
sda               0.00     1.33    0.00    1.67     0.00     0.01    12.80     0.01    7.20   8.20   1.37
sdb               0.00     0.00    0.00    0.00     0.00     0.00     0.00     0.00    0.00   0.00   0.00
sdc               0.00     0.00    0.00    0.00     0.00     0.00     0.00     0.00    0.00   0.00   0.00
dm-0              0.00     0.00    0.00    1.00     0.00     0.00     8.00     0.01    7.33   7.33   0.73
dm-1              0.00     0.00    0.00    0.00     0.00     0.00     0.00     0.00    0.00   0.00   0.00
dm-2              0.00     0.00    0.00    1.67     0.00     0.01     8.00     0.01    2.80   3.80   0.63

avg-cpu:  %user   %nice %system %iowait  %steal   %idle
           1.78    0.00    1.07    1.28    0.00   95.86

Device:         rrqm/s   wrqm/s     r/s     w/s    rMB/s    wMB/s avgrq-sz avgqu-sz   await  svctm  %util
sda               0.00     0.00    0.00    3.33     0.00     0.01     7.20     0.01    2.00   0.50   0.17
sdb               0.00     0.00    0.00    0.00     0.00     0.00     0.00     0.00    0.00   0.00   0.00
sdc               0.00     0.00    0.00    0.00     0.00     0.00     0.00     0.00    0.00   0.00   0.00
dm-0              0.00     0.00    0.00    3.00     0.00     0.01     8.00     0.00    1.33   0.22   0.07
dm-1              0.00     0.00    0.00    0.00     0.00     0.00     0.00     0.00    0.00   0.00   0.00
dm-2              0.00     0.00    0.00    0.00     0.00     0.00     0.00     0.00    0.00   0.00   0.10

avg-cpu:  %user   %nice %system %iowait  %steal   %idle
           1.84    0.00    1.13    1.31    0.00   95.72

Device:         rrqm/s   wrqm/s     r/s     w/s    rMB/s    wMB/s avgrq-sz avgqu-sz   await  svctm  %util
sda               0.00     2.33    0.00    3.00     0.00     0.02    12.44     0.01    4.89   4.89   1.47
sdb               0.00     0.00    0.00    0.00     0.00     0.00     0.00     0.00    0.00   0.00   0.00
sdc               0.00     0.00    0.00    0.00     0.00     0.00     0.00     0.00    0.00   0.00   0.00
dm-0              0.00     0.00    0.00    1.00     0.00     0.00     8.00     0.01    6.67   6.67   0.67
dm-1              0.00     0.00    0.00    0.00     0.00     0.00     0.00     0.00    0.00   0.00   0.00
dm-2              0.00     0.00    0.00    3.67     0.00     0.01     8.00     0.01    2.45   2.18   0.80

avg-cpu:  %user   %nice %system %iowait  %steal   %idle
           1.51    0.00    0.58    1.27    0.00   96.64

Device:         rrqm/s   wrqm/s     r/s     w/s    rMB/s    wMB/s avgrq-sz avgqu-sz   await  svctm  %util
sda               0.00     0.33    0.00    1.00     0.00     0.00     8.00     0.01    5.00   5.00   0.50
sdb               0.00     0.00    0.00    0.00     0.00     0.00     0.00     0.00    0.00   0.00   0.00
sdc               0.00     0.00    0.00    0.00     0.00     0.00     0.00     0.00    0.00   0.00   0.00
dm-0              0.00     0.00    0.00    1.00     0.00     0.00     8.00     0.01    5.00   5.00   0.50
dm-1              0.00     0.00    0.00    0.00     0.00     0.00     0.00     0.00    0.00   0.00   0.00
dm-2              0.00     0.00    0.00    0.00     0.00     0.00     0.00     0.00    0.00   0.00   0.00

avg-cpu:  %user   %nice %system %iowait  %steal   %idle
           1.28    0.00    0.51    1.29    0.00   96.91

Device:         rrqm/s   wrqm/s     r/s     w/s    rMB/s    wMB/s avgrq-sz avgqu-sz   await  svctm  %util
sda               0.00     1.33    0.00    1.00     0.00     0.01    16.00     0.01    9.00   9.00   0.90
sdb               0.00     0.00    0.00    0.00     0.00     0.00     0.00     0.00    0.00   0.00   0.00
sdc               0.00     0.00    0.00    0.00     0.00     0.00     0.00     0.00    0.00   0.00   0.00
dm-0              0.00     0.00    0.00    0.00     0.00     0.00     0.00     0.00    0.00   0.00   0.00
dm-1              0.00     0.00    0.00    0.00     0.00     0.00     0.00     0.00    0.00   0.00   0.00
dm-2              0.00     0.00    0.00    2.00     0.00     0.01     8.00     0.01    4.50   4.50   0.90

avg-cpu:  %user   %nice %system %iowait  %steal   %idle
           1.12    0.00    0.49    1.30    0.00   97.10

Device:         rrqm/s   wrqm/s     r/s     w/s    rMB/s    wMB/s avgrq-sz avgqu-sz   await  svctm  %util
sda               0.00     0.00    0.00    0.00     0.00     0.00     0.00     0.00    0.00   0.00   0.00
sdb               0.00     0.00    0.00    0.00     0.00     0.00     0.00     0.00    0.00   0.00   0.00
sdc               0.00     0.00    0.00    0.00     0.00     0.00     0.00     0.00    0.00   0.00   0.00
dm-0              0.00     0.00    0.00    0.00     0.00     0.00     0.00     0.00    0.00   0.00   0.00
dm-1              0.00     0.00    0.00    0.00     0.00     0.00     0.00     0.00    0.00   0.00   0.00
dm-2              0.00     0.00    0.00    0.00     0.00     0.00     0.00     0.00    0.00   0.00   0.00

avg-cpu:  %user   %nice %system %iowait  %steal   %idle
           1.49    0.00    0.53    1.28    0.00   96.70

Device:         rrqm/s   wrqm/s     r/s     w/s    rMB/s    wMB/s avgrq-sz avgqu-sz   await  svctm  %util
sda               0.00     1.00    0.00    1.00     0.00     0.01    13.33     0.01    8.00   8.00   0.80
sdb               0.00     0.00    0.00    0.00     0.00     0.00     0.00     0.00    0.00   0.00   0.00
sdc               0.00     0.00    0.00    0.00     0.00     0.00     0.00     0.00    0.00   0.00   0.00
dm-0              0.00     0.00    0.00    0.00     0.00     0.00     0.00     0.00    0.00   0.00   0.00
dm-1              0.00     0.00    0.00    0.00     0.00     0.00     0.00     0.00    0.00   0.00   0.00
dm-2              0.00     0.00    0.00    1.67     0.00     0.01     8.00     0.01    4.80   4.80   0.80

avg-cpu:  %user   %nice %system %iowait  %steal   %idle
           1.22    0.00    0.56    1.24    0.00   96.97

Device:         rrqm/s   wrqm/s     r/s     w/s    rMB/s    wMB/s avgrq-sz avgqu-sz   await  svctm  %util
sda               0.00     3.67    0.00    0.33     0.00     0.02    96.00     0.00    3.00   3.00   0.10
sdb               0.00     0.00    0.00    0.00     0.00     0.00     0.00     0.00    0.00   0.00   0.00
sdc               0.00     0.00    0.00    0.00     0.00     0.00     0.00     0.00    0.00   0.00   0.00
dm-0              0.00     0.00    0.00    0.00     0.00     0.00     0.00     0.00    0.00   0.00   0.00
dm-1              0.00     0.00    0.00    0.00     0.00     0.00     0.00     0.00    0.00   0.00   0.00
dm-2              0.00     0.00    0.00    4.00     0.00     0.02     8.00     0.01    3.00   0.25   0.10

avg-cpu:  %user   %nice %system %iowait  %steal   %idle
           1.37    0.00    0.57    1.29    0.00   96.76

Device:         rrqm/s   wrqm/s     r/s     w/s    rMB/s    wMB/s avgrq-sz avgqu-sz   await  svctm  %util
sda               0.00     1.67    0.00    2.00     0.00     0.01    13.33     0.01    5.17   5.00   1.00
sdb               0.00     0.00    0.00    0.00     0.00     0.00     0.00     0.00    0.00   0.00   0.00
sdc               0.00     0.00    0.00    0.00     0.00     0.00     0.00     0.00    0.00   0.00   0.00
dm-0              0.00     0.00    0.00    0.00     0.00     0.00     0.00     0.00    0.00   0.00   0.00
dm-1              0.00     0.00    0.00    0.00     0.00     0.00     0.00     0.00    0.00   0.00   0.00
dm-2              0.00     0.00    0.00    3.33     0.00     0.01     8.00     0.01    3.60   3.00   1.00

avg-cpu:  %user   %nice %system %iowait  %steal   %idle
           1.33    0.00    0.58    1.26    0.00   96.82

Device:         rrqm/s   wrqm/s     r/s     w/s    rMB/s    wMB/s avgrq-sz avgqu-sz   await  svctm  %util
sda               0.00     0.00    0.00    2.33     0.00     0.01     8.00     0.00    0.86   0.14   0.03
sdb               0.00     0.00    0.00    0.00     0.00     0.00     0.00     0.00    0.00   0.00   0.00
sdc               0.00     0.00    0.00    0.00     0.00     0.00     0.00     0.00    0.00   0.00   0.00
dm-0              0.00     0.00    0.00    0.00     0.00     0.00     0.00     0.00    0.00   0.00   0.00
dm-1              0.00     0.00    0.00    0.00     0.00     0.00     0.00     0.00    0.00   0.00   0.00
dm-2              0.00     0.00    0.00    2.33     0.00     0.01     8.00     0.00    0.86   0.14   0.03

avg-cpu:  %user   %nice %system %iowait  %steal   %idle
          15.59    0.00    9.25   18.77    0.00   56.39

Device:         rrqm/s   wrqm/s     r/s     w/s    rMB/s    wMB/s avgrq-sz avgqu-sz   await  svctm  %util
sda               0.00     1.33    0.00    1.67     0.00     0.01    12.80     0.01    5.20   5.20   0.87
sdb               0.00     0.00    0.00    0.00     0.00     0.00     0.00     0.00    0.00   0.00   0.00
sdc               0.00     0.00    0.00    0.00     0.00     0.00     0.00     0.00    0.00   0.00   0.00
dm-0              0.00     0.00    0.00    0.00     0.00     0.00     0.00     0.00    0.00   0.00   0.00
dm-1              0.00     0.00    0.00    0.00     0.00     0.00     0.00     0.00    0.00   0.00   0.00
dm-2              0.00     0.00    0.00    2.67     0.00     0.01     8.00     0.01    3.25   3.25   0.87

avg-cpu:  %user   %nice %system %iowait  %steal   %idle
          17.87    0.00   13.67   66.35    0.00    2.10

Device:         rrqm/s   wrqm/s     r/s     w/s    rMB/s    wMB/s avgrq-sz avgqu-sz   await  svctm  %util
sda               0.00     5.67    0.00    1.00     0.00     0.02    50.67     0.01    5.00   5.00   0.50
sdb               0.00     0.00    0.00    0.00     0.00     0.00     0.00     0.00    0.00   0.00   0.00
sdc               0.00     0.00    0.00    0.00     0.00     0.00     0.00     0.00    0.00   0.00   0.00
dm-0              0.00     0.00    0.00    6.33     0.00     0.02     8.00     0.01    0.79   0.79   0.50
dm-1              0.00     0.00    0.00    0.00     0.00     0.00     0.00     0.00    0.00   0.00   0.00
dm-2              0.00     0.00    0.00    0.00     0.00     0.00     0.00     0.00    0.00   0.00   0.00

avg-cpu:  %user   %nice %system %iowait  %steal   %idle
          16.55    0.00    9.40   64.33    0.00    9.72

Device:         rrqm/s   wrqm/s     r/s     w/s    rMB/s    wMB/s avgrq-sz avgqu-sz   await  svctm  %util
sda               0.00     1.00    0.00    1.67     0.00     0.01    11.20     0.01    6.80   6.60   1.10
sdb               0.00     0.00    0.00    0.00     0.00     0.00     0.00     0.00    0.00   0.00   0.00
sdc               0.00     0.00    0.00    0.00     0.00     0.00     0.00     0.00    0.00   0.00   0.00
dm-0              0.00     0.00    0.00    0.00     0.00     0.00     0.00     0.00    0.00   0.00   0.00
dm-1              0.00     0.00    0.00    0.00     0.00     0.00     0.00     0.00    0.00   0.00   0.00
dm-2              0.00     0.00    0.00    2.33     0.00     0.01     8.00     0.01    5.29   4.71   1.10

avg-cpu:  %user   %nice %system %iowait  %steal   %idle
          17.48    0.00    9.05   50.77    0.00   22.70

Device:         rrqm/s   wrqm/s     r/s     w/s    rMB/s    wMB/s avgrq-sz avgqu-sz   await  svctm  %util
sda               0.00     0.67    0.00    1.67     0.00     0.01     9.60     0.01    6.20   6.20   1.03
sdb               0.00     0.00    0.00    0.00     0.00     0.00     0.00     0.00    0.00   0.00   0.00
sdc               0.00     0.00    0.00    0.00     0.00     0.00     0.00     0.00    0.00   0.00   0.00
dm-0              0.00     0.00    0.00    2.00     0.00     0.01     8.00     0.01    5.17   5.17   1.03
dm-1              0.00     0.00    0.00    0.00     0.00     0.00     0.00     0.00    0.00   0.00   0.00
dm-2              0.00     0.00    0.00    0.00     0.00     0.00     0.00     0.00    0.00   0.00   0.00

avg-cpu:  %user   %nice %system %iowait  %steal   %idle
          16.56    0.00    9.10   66.87    0.00    7.47

Device:         rrqm/s   wrqm/s     r/s     w/s    rMB/s    wMB/s avgrq-sz avgqu-sz   await  svctm  %util
sda               0.00     1.00    0.00    1.33     0.00     0.01    12.00     0.01    7.50   7.50   1.00
sdb               0.00     0.00    0.00    0.00     0.00     0.00     0.00     0.00    0.00   0.00   0.00
sdc               0.00     0.00    0.00    0.00     0.00     0.00     0.00     0.00    0.00   0.00   0.00
dm-0              0.00     0.00    0.00    0.00     0.00     0.00     0.00     0.00    0.00   0.00   0.00
dm-1              0.00     0.00    0.00    0.00     0.00     0.00     0.00     0.00    0.00   0.00   0.00
dm-2              0.00     0.00    0.00    2.00     0.00     0.01     8.00     0.01    5.50   5.00   1.00

avg-cpu:  %user   %nice %system %iowait  %steal   %idle
          10.03    0.00   10.09   35.63    0.00   44.26

Device:         rrqm/s   wrqm/s     r/s     w/s    rMB/s    wMB/s avgrq-sz avgqu-sz   await  svctm  %util
sda               0.00     0.33    0.00    5.67     0.00     0.02     8.47     0.01    2.47   0.18   0.10
sdb               0.00     0.00    0.00    0.00     0.00     0.00     0.00     0.00    0.00   0.00   0.00
sdc               0.00     0.00    0.00    0.00     0.00     0.00     0.00     0.00    0.00   0.00   0.00
dm-0              0.00     0.00    0.00    6.00     0.00     0.02     8.00     0.01    2.50   0.17   0.10
dm-1              0.00     0.00    0.00    0.00     0.00     0.00     0.00     0.00    0.00   0.00   0.00
dm-2              0.00     0.00    0.00    0.00     0.00     0.00     0.00     0.00    0.00   0.00   0.00

avg-cpu:  %user   %nice %system %iowait  %steal   %idle
          10.44    0.00   12.37   45.49    0.00   31.71

Device:         rrqm/s   wrqm/s     r/s     w/s    rMB/s    wMB/s avgrq-sz avgqu-sz   await  svctm  %util
sda               0.00     1.00    0.00    1.33     0.00     0.01    12.00     0.01    6.75   6.75   0.90
sdb               0.00     0.00    0.00    0.00     0.00     0.00     0.00     0.00    0.00   0.00   0.00
sdc               0.00     0.00    0.00    0.00     0.00     0.00     0.00     0.00    0.00   0.00   0.00
dm-0              0.00     0.00    0.00    0.00     0.00     0.00     0.00     0.00    0.00   0.00   0.00
dm-1              0.00     0.00    0.00    0.00     0.00     0.00     0.00     0.00    0.00   0.00   0.00
dm-2              0.00     0.00    0.00    2.00     0.00     0.01     8.00     0.01    4.50   4.50   0.90

avg-cpu:  %user   %nice %system %iowait  %steal   %idle
          17.36    0.00   25.12   39.24    0.00   18.28

Device:         rrqm/s   wrqm/s     r/s     w/s    rMB/s    wMB/s avgrq-sz avgqu-sz   await  svctm  %util
sda               0.00     3.00    0.00    1.67     0.00     0.02    20.80     0.01    4.20   3.60   0.60
sdb               0.00     0.00    0.00    0.00     0.00     0.00     0.00     0.00    0.00   0.00   0.00
sdc               0.00     0.00    0.00    0.00     0.00     0.00     0.00     0.00    0.00   0.00   0.00
dm-0              0.00     0.00    0.00    1.00     0.00     0.00     8.00     0.01    5.00   5.00   0.50
dm-1              0.00     0.00    0.00    0.00     0.00     0.00     0.00     0.00    0.00   0.00   0.00
dm-2              0.00     0.00    0.00    3.33     0.00     0.01     8.00     0.01    3.00   0.30   0.10

avg-cpu:  %user   %nice %system %iowait  %steal   %idle
          10.91    0.00   14.61   42.73    0.00   31.75

Device:         rrqm/s   wrqm/s     r/s     w/s    rMB/s    wMB/s avgrq-sz avgqu-sz   await  svctm  %util
sda               0.00     1.67    0.00    2.00     0.00     0.01    13.33     0.01    6.00   5.83   1.17
sdb               0.00     0.00    0.00    0.00     0.00     0.00     0.00     0.00    0.00   0.00   0.00
sdc               0.00     0.00    0.00    0.00     0.00     0.00     0.00     0.00    0.00   0.00   0.00
dm-0              0.00     0.00    0.00    0.00     0.00     0.00     0.00     0.00    0.00   0.00   0.00
dm-1              0.00     0.00    0.00    0.00     0.00     0.00     0.00     0.00    0.00   0.00   0.00
dm-2              0.00     0.00    0.00    3.33     0.00     0.01     8.00     0.01    4.10   3.50   1.17

avg-cpu:  %user   %nice %system %iowait  %steal   %idle
           7.46    0.00    8.65   41.56    0.00   42.34

Device:         rrqm/s   wrqm/s     r/s     w/s    rMB/s    wMB/s avgrq-sz avgqu-sz   await  svctm  %util
sda               0.00     0.00    0.00    0.00     0.00     0.00     0.00     0.00    0.00   0.00   0.00
sdb               0.00     0.00    0.00    0.00     0.00     0.00     0.00     0.00    0.00   0.00   0.00
sdc               0.00     0.00    0.00    0.00     0.00     0.00     0.00     0.00    0.00   0.00   0.00
dm-0              0.00     0.00    0.00    0.00     0.00     0.00     0.00     0.00    0.00   0.00   0.00
dm-1              0.00     0.00    0.00    0.00     0.00     0.00     0.00     0.00    0.00   0.00   0.00
dm-2              0.00     0.00    0.00    0.00     0.00     0.00     0.00     0.00    0.00   0.00   0.00

avg-cpu:  %user   %nice %system %iowait  %steal   %idle
           7.78    0.00    9.24   39.25    0.00   43.73

Device:         rrqm/s   wrqm/s     r/s     w/s    rMB/s    wMB/s avgrq-sz avgqu-sz   await  svctm  %util
sda               0.00     1.00    0.00    2.00     0.00     0.01    10.67     0.01    5.50   5.50   1.10
sdb               0.00     0.00    0.00    0.00     0.00     0.00     0.00     0.00    0.00   0.00   0.00
sdc               0.00     0.00    0.00    0.00     0.00     0.00     0.00     0.00    0.00   0.00   0.00
dm-0              0.00     0.00    0.00    0.33     0.00     0.00     8.00     0.00    3.00   3.00   0.10
dm-1              0.00     0.00    0.00    0.00     0.00     0.00     0.00     0.00    0.00   0.00   0.00
dm-2              0.00     0.00    0.00    2.33     0.00     0.01     8.00     0.01    4.29   4.29   1.00

avg-cpu:  %user   %nice %system %iowait  %steal   %idle
           8.68    0.00   10.49   37.33    0.00   43.49

Device:         rrqm/s   wrqm/s     r/s     w/s    rMB/s    wMB/s avgrq-sz avgqu-sz   await  svctm  %util
sda               0.00     2.00    0.00    1.33     0.00     0.01    18.00     0.01    6.75   6.75   0.90
sdb               0.00     0.00    0.00    0.00     0.00     0.00     0.00     0.00    0.00   0.00   0.00
sdc               0.00     0.00    0.00    0.00     0.00     0.00     0.00     0.00    0.00   0.00   0.00
dm-0              0.00     0.00    0.00    3.00     0.00     0.01     8.00     0.01    3.89   3.00   0.90
dm-1              0.00     0.00    0.00    0.00     0.00     0.00     0.00     0.00    0.00   0.00   0.00
dm-2              0.00     0.00    0.00    0.00     0.00     0.00     0.00     0.00    0.00   0.00   0.00

avg-cpu:  %user   %nice %system %iowait  %steal   %idle
           8.03    0.00    9.98   36.33    0.00   45.67

Device:         rrqm/s   wrqm/s     r/s     w/s    rMB/s    wMB/s avgrq-sz avgqu-sz   await  svctm  %util
sda               0.00     1.00    0.00    2.33     0.00     0.01    10.29     0.01    5.14   4.29   1.00
sdb               0.00     0.00    0.00    0.00     0.00     0.00     0.00     0.00    0.00   0.00   0.00
sdc               0.00     0.00    0.00    0.00     0.00     0.00     0.00     0.00    0.00   0.00   0.00
dm-0              0.00     0.00    0.00    0.00     0.00     0.00     0.00     0.00    0.00   0.00   0.00
dm-1              0.00     0.00    0.00    0.00     0.00     0.00     0.00     0.00    0.00   0.00   0.00
dm-2              0.00     0.00    0.00    3.00     0.00     0.01     8.00     0.01    4.00   3.33   1.00

avg-cpu:  %user   %nice %system %iowait  %steal   %idle
           8.41    0.00    8.79   28.83    0.00   53.98

Device:         rrqm/s   wrqm/s     r/s     w/s    rMB/s    wMB/s avgrq-sz avgqu-sz   await  svctm  %util
sda               0.00     0.00    0.00    0.67     0.00     0.00     4.00     0.00    5.00   5.00   0.33
sdb               0.00     0.00    0.00    0.00     0.00     0.00     0.00     0.00    0.00   0.00   0.00
sdc               0.00     0.00    0.00    0.00     0.00     0.00     0.00     0.00    0.00   0.00   0.00
dm-0              0.00     0.00    0.00    0.33     0.00     0.00     8.00     0.00   10.00  10.00   0.33
dm-1              0.00     0.00    0.00    0.00     0.00     0.00     0.00     0.00    0.00   0.00   0.00
dm-2              0.00     0.00    0.00    0.00     0.00     0.00     0.00     0.00    0.00   0.00   0.00

avg-cpu:  %user   %nice %system %iowait  %steal   %idle
          11.01    0.00    8.93   31.05    0.00   49.02

Device:         rrqm/s   wrqm/s     r/s     w/s    rMB/s    wMB/s avgrq-sz avgqu-sz   await  svctm  %util
sda               0.00     1.00    0.00    1.33     0.00     0.01    12.00     0.01    8.25   8.25   1.10
sdb               0.00     0.00    0.00    0.00     0.00     0.00     0.00     0.00    0.00   0.00   0.00
sdc               0.00     0.00    0.00    0.00     0.00     0.00     0.00     0.00    0.00   0.00   0.00
dm-0              0.00     0.00    0.00    0.00     0.00     0.00     0.00     0.00    0.00   0.00   0.00
dm-1              0.00     0.00    0.00    0.00     0.00     0.00     0.00     0.00    0.00   0.00   0.00
dm-2              0.00     0.00    0.00    2.00     0.00     0.01     8.00     0.01    5.50   5.50   1.10

avg-cpu:  %user   %nice %system %iowait  %steal   %idle
          10.79    0.00    8.01   18.35    0.00   62.86

Device:         rrqm/s   wrqm/s     r/s     w/s    rMB/s    wMB/s avgrq-sz avgqu-sz   await  svctm  %util
sda               0.00     1.00    0.00    2.33     0.00     0.01    10.29     0.01    5.43   4.86   1.13
sdb               0.00     0.00    0.00    0.00     0.00     0.00     0.00     0.00    0.00   0.00   0.00
sdc               0.00     0.00    0.00    0.00     0.00     0.00     0.00     0.00    0.00   0.00   0.00
dm-0              0.00     0.00    0.00    3.00     0.00     0.01     8.00     0.01    4.56   3.78   1.13
dm-1              0.00     0.00    0.00    0.00     0.00     0.00     0.00     0.00    0.00   0.00   0.00
dm-2              0.00     0.00    0.00    0.00     0.00     0.00     0.00     0.00    0.00   0.00   0.00

avg-cpu:  %user   %nice %system %iowait  %steal   %idle
          11.78    0.00    7.66   14.12    0.00   66.44

Device:         rrqm/s   wrqm/s     r/s     w/s    rMB/s    wMB/s avgrq-sz avgqu-sz   await  svctm  %util
sda               0.00     1.00    0.00    1.33     0.00     0.01    12.00     0.01    8.25   8.25   1.10
sdb               0.00     0.00    0.00    0.00     0.00     0.00     0.00     0.00    0.00   0.00   0.00
sdc               0.00     0.00    0.00    0.00     0.00     0.00     0.00     0.00    0.00   0.00   0.00
dm-0              0.00     0.00    0.00    0.00     0.00     0.00     0.00     0.00    0.00   0.00   0.00
dm-1              0.00     0.00    0.00    0.00     0.00     0.00     0.00     0.00    0.00   0.00   0.00
dm-2              0.00     0.00    0.00    2.00     0.00     0.01     8.00     0.01    5.50   5.50   1.10

avg-cpu:  %user   %nice %system %iowait  %steal   %idle
          12.51    0.00    8.29   14.59    0.00   64.61

Device:         rrqm/s   wrqm/s     r/s     w/s    rMB/s    wMB/s avgrq-sz avgqu-sz   await  svctm  %util
sda               0.00     4.00    0.00    2.33     0.00     0.02    20.57     0.01    4.29   3.57   0.83
sdb               0.00     0.00    0.00    0.00     0.00     0.00     0.00     0.00    0.00   0.00   0.00
sdc               0.00     0.00    0.00    0.00     0.00     0.00     0.00     0.00    0.00   0.00   0.00
dm-0              0.00     0.00    0.00    2.67     0.00     0.01     8.00     0.01    3.50   2.75   0.73
dm-1              0.00     0.00    0.00    0.00     0.00     0.00     0.00     0.00    0.00   0.00   0.00
dm-2              0.00     0.00    0.00    3.33     0.00     0.01     8.00     0.01    3.00   0.30   0.10

avg-cpu:  %user   %nice %system %iowait  %steal   %idle
          12.21    0.00    8.18   13.73    0.00   65.88

Device:         rrqm/s   wrqm/s     r/s     w/s    rMB/s    wMB/s avgrq-sz avgqu-sz   await  svctm  %util
sda               0.00     3.00    0.00    5.67     0.00     0.03    11.29     0.02    4.00   3.53   2.00
sdb               0.00     0.00    0.00    0.00     0.00     0.00     0.00     0.00    0.00   0.00   0.00
sdc               0.00     0.00    0.00    0.00     0.00     0.00     0.00     0.00    0.00   0.00   0.00
dm-0              0.00     0.00    0.00    4.00     0.00     0.02     8.00     0.01    2.42   1.83   0.73
dm-1              0.00     0.00    0.00    0.00     0.00     0.00     0.00     0.00    0.00   0.00   0.00
dm-2              0.00     0.00    0.00    4.00     0.00     0.02     8.00     0.02    4.00   3.17   1.27

avg-cpu:  %user   %nice %system %iowait  %steal   %idle
          11.73    0.00    8.17   22.40    0.00   57.70

Device:         rrqm/s   wrqm/s     r/s     w/s    rMB/s    wMB/s avgrq-sz avgqu-sz   await  svctm  %util
sda               0.00     0.00    0.00    0.33     0.00     0.00     8.00     0.00    3.00   3.00   0.10
sdb               0.00     0.00    0.00    0.00     0.00     0.00     0.00     0.00    0.00   0.00   0.00
sdc               0.00     0.00    0.00    0.00     0.00     0.00     0.00     0.00    0.00   0.00   0.00
dm-0              0.00     0.00    0.00    0.00     0.00     0.00     0.00     0.00    0.00   0.00   0.00
dm-1              0.00     0.00    0.00    0.00     0.00     0.00     0.00     0.00    0.00   0.00   0.00
dm-2              0.00     0.00    0.00    0.33     0.00     0.00     8.00     0.00    3.00   3.00   0.10

avg-cpu:  %user   %nice %system %iowait  %steal   %idle
          13.36    0.00    8.29   14.86    0.00   63.49

Device:         rrqm/s   wrqm/s     r/s     w/s    rMB/s    wMB/s avgrq-sz avgqu-sz   await  svctm  %util
sda               0.00     1.33    0.00    3.67     0.00     0.02     9.45     0.02    5.55   4.91   1.80
sdb               0.00     0.00    0.00    0.00     0.00     0.00     0.00     0.00    0.00   0.00   0.00
sdc               0.00     0.00    0.00    0.00     0.00     0.00     0.00     0.00    0.00   0.00   0.00
dm-0              0.00     0.00    0.00    1.67     0.00     0.01     8.00     0.01    3.60   3.60   0.60
dm-1              0.00     0.00    0.00    0.00     0.00     0.00     0.00     0.00    0.00   0.00   0.00
dm-2              0.00     0.00    0.00    2.67     0.00     0.01     8.00     0.02    6.00   4.50   1.20

avg-cpu:  %user   %nice %system %iowait  %steal   %idle
          10.68    0.00    6.95   18.18    0.00   64.19

Device:         rrqm/s   wrqm/s     r/s     w/s    rMB/s    wMB/s avgrq-sz avgqu-sz   await  svctm  %util
sda               0.00     0.33    0.00    0.33     0.00     0.00    16.00     0.00    3.00   3.00   0.10
sdb               0.00     0.00    0.00    0.00     0.00     0.00     0.00     0.00    0.00   0.00   0.00
sdc               0.00     0.00    0.00    0.00     0.00     0.00     0.00     0.00    0.00   0.00   0.00
dm-0              0.00     0.00    0.00    0.67     0.00     0.00     8.00     0.00    3.00   1.50   0.10
dm-1              0.00     0.00    0.00    0.00     0.00     0.00     0.00     0.00    0.00   0.00   0.00
dm-2              0.00     0.00    0.00    0.00     0.00     0.00     0.00     0.00    0.00   0.00   0.00

avg-cpu:  %user   %nice %system %iowait  %steal   %idle
          11.92    0.00    7.84   27.04    0.00   53.21

Device:         rrqm/s   wrqm/s     r/s     w/s    rMB/s    wMB/s avgrq-sz avgqu-sz   await  svctm  %util
sda               0.00     1.67    0.00    3.00     0.00     0.02    10.67     0.02    5.67   5.44   1.63
sdb               0.00     0.00    0.00    0.00     0.00     0.00     0.00     0.00    0.00   0.00   0.00
sdc               0.00     0.00    0.00    0.00     0.00     0.00     0.00     0.00    0.00   0.00   0.00
dm-0              0.00     0.00    0.00    2.00     0.00     0.01     8.00     0.01    2.67   2.67   0.53
dm-1              0.00     0.00    0.00    0.00     0.00     0.00     0.00     0.00    0.00   0.00   0.00
dm-2              0.00     0.00    0.00    2.00     0.00     0.01     8.00     0.01    6.83   5.50   1.10

avg-cpu:  %user   %nice %system %iowait  %steal   %idle
          13.11    0.00   11.68   56.56    0.00   18.65

Device:         rrqm/s   wrqm/s     r/s     w/s    rMB/s    wMB/s avgrq-sz avgqu-sz   await  svctm  %util
sda               0.00     0.00    0.00    0.00     0.00     0.00     0.00     0.00    0.00   0.00   0.00
sdb               0.00     0.00    0.00    0.00     0.00     0.00     0.00     0.00    0.00   0.00   0.00
sdc               0.00     0.00    0.00    0.00     0.00     0.00     0.00     0.00    0.00   0.00   0.00
dm-0              0.00     0.00    0.00    0.00     0.00     0.00     0.00     0.00    0.00   0.00   0.00
dm-1              0.00     0.00    0.00    0.00     0.00     0.00     0.00     0.00    0.00   0.00   0.00
dm-2              0.00     0.00    0.00    0.00     0.00     0.00     0.00     0.00    0.00   0.00   0.00

avg-cpu:  %user   %nice %system %iowait  %steal   %idle
          16.36    0.00   21.20   39.65    0.00   22.79

Device:         rrqm/s   wrqm/s     r/s     w/s    rMB/s    wMB/s avgrq-sz avgqu-sz   await  svctm  %util
sda               0.00     2.33    0.00    4.33     0.00     0.02    11.08     0.04    8.08   5.08   2.20
sdb               0.00     0.00    0.00    0.00     0.00     0.00     0.00     0.00    0.00   0.00   0.00
sdc               0.00     0.00    0.00    0.00     0.00     0.00     0.00     0.00    0.00   0.00   0.00
dm-0              0.00     0.00    0.00    2.67     0.00     0.01     8.00     0.02    7.00   7.00   1.87
dm-1              0.00     0.00    0.00    0.00     0.00     0.00     0.00     0.00    0.00   0.00   0.00
dm-2              0.00     0.00    0.00    3.33     0.00     0.01     8.00     0.02    4.90   4.80   1.60

avg-cpu:  %user   %nice %system %iowait  %steal   %idle
          15.45    0.00   20.98   44.51    0.00   19.06

Device:         rrqm/s   wrqm/s     r/s     w/s    rMB/s    wMB/s avgrq-sz avgqu-sz   await  svctm  %util
sda               0.00     0.00    0.00    0.33     0.00     0.00     8.00     0.00    3.00   3.00   0.10
sdb               0.00     0.00    0.00    0.00     0.00     0.00     0.00     0.00    0.00   0.00   0.00
sdc               0.00     0.00    0.00    0.00     0.00     0.00     0.00     0.00    0.00   0.00   0.00
dm-0              0.00     0.00    0.00    0.33     0.00     0.00     8.00     0.00    3.00   3.00   0.10
dm-1              0.00     0.00    0.00    0.00     0.00     0.00     0.00     0.00    0.00   0.00   0.00
dm-2              0.00     0.00    0.00    0.00     0.00     0.00     0.00     0.00    0.00   0.00   0.00

avg-cpu:  %user   %nice %system %iowait  %steal   %idle
           7.23    0.00    7.77   35.56    0.00   49.44

Device:         rrqm/s   wrqm/s     r/s     w/s    rMB/s    wMB/s avgrq-sz avgqu-sz   await  svctm  %util
sda               0.00     2.33    0.00    1.33     0.00     0.01    22.00     0.02    6.50   9.75   1.30
sdb               0.00     0.00    0.00    0.00     0.00     0.00     0.00     0.00    0.00   0.00   0.00
sdc               0.00     0.00    0.00    0.00     0.00     0.00     0.00     0.00    0.00   0.00   0.00
dm-0              0.00     0.00    0.00    2.00     0.00     0.01     8.00     0.01    0.83   2.50   0.50
dm-1              0.00     0.00    0.00    0.00     0.00     0.00     0.00     0.00    0.00   0.00   0.00
dm-2              0.00     0.00    0.00    2.00     0.00     0.01     8.00     0.01    4.00   6.33   1.27

avg-cpu:  %user   %nice %system %iowait  %steal   %idle
           7.25    0.00    8.29   36.99    0.00   47.47

Device:         rrqm/s   wrqm/s     r/s     w/s    rMB/s    wMB/s avgrq-sz avgqu-sz   await  svctm  %util
sda               0.00     2.33    0.00    1.67     0.00     0.01    16.00     0.01   12.20   4.20   0.70
sdb               0.00     0.00    0.00    0.00     0.00     0.00     0.00     0.00    0.00   0.00   0.00
sdc               0.00     0.00    0.00    0.00     0.00     0.00     0.00     0.00    0.00   0.00   0.00
dm-0              0.00     0.00    0.00    0.00     0.00     0.00     0.00     0.01    0.00   0.00   0.60
dm-1              0.00     0.00    0.00    0.00     0.00     0.00     0.00     0.00    0.00   0.00   0.00
dm-2              0.00     0.00    0.00    3.00     0.00     0.01     8.00     0.01    5.56   1.33   0.40

avg-cpu:  %user   %nice %system %iowait  %steal   %idle
           8.37    0.00    9.08   38.25    0.00   44.30

Device:         rrqm/s   wrqm/s     r/s     w/s    rMB/s    wMB/s avgrq-sz avgqu-sz   await  svctm  %util
sda               0.00     2.33    0.00    1.33     0.00     0.01    22.00     0.01    0.25   5.75   0.77
sdb               0.00     0.00    0.00    0.00     0.00     0.00     0.00     0.00    0.00   0.00   0.00
sdc               0.00     0.00    0.00    0.00     0.00     0.00     0.00     0.00    0.00   0.00   0.00
dm-0              0.00     0.00    0.00    0.00     0.00     0.00     0.00     0.00    0.00   0.00   0.00
dm-1              0.00     0.00    0.00    0.00     0.00     0.00     0.00     0.00    0.00   0.00   0.00
dm-2              0.00     0.00    0.00    4.00     0.00     0.02     8.00     0.01    0.67   1.92   0.77

avg-cpu:  %user   %nice %system %iowait  %steal   %idle
           9.52    0.00   10.69   38.91    0.00   40.87

Device:         rrqm/s   wrqm/s     r/s     w/s    rMB/s    wMB/s avgrq-sz avgqu-sz   await  svctm  %util
sda               0.00     0.00    0.00    0.67     0.00     0.00     4.00     0.01   20.00   9.00   0.60
sdb               0.00     0.00    0.00    0.00     0.00     0.00     0.00     0.00    0.00   0.00   0.00
sdc               0.00     0.00    0.00    0.00     0.00     0.00     0.00     0.00    0.00   0.00   0.00
dm-0              0.00     0.00    0.00    0.00     0.00     0.00     0.00     0.00    0.00   0.00   0.00
dm-1              0.00     0.00    0.00    0.00     0.00     0.00     0.00     0.00    0.00   0.00   0.00
dm-2              0.00     0.00    0.00    0.00     0.00     0.00     0.00     0.01    0.00   0.00   0.60

avg-cpu:  %user   %nice %system %iowait  %steal   %idle
           9.17    0.00    6.54   29.19    0.00   55.10

Device:         rrqm/s   wrqm/s     r/s     w/s    rMB/s    wMB/s avgrq-sz avgqu-sz   await  svctm  %util
sda               0.00     1.00    0.00    4.00     0.00     0.02     9.33     0.02    4.08   3.58   1.43
sdb               0.00     0.00    0.00    0.00     0.00     0.00     0.00     0.00    0.00   0.00   0.00
sdc               0.00     0.00    0.00    0.00     0.00     0.00     0.00     0.00    0.00   0.00   0.00
dm-0              0.00     0.00    0.00    2.33     0.00     0.01     8.00     0.00    0.86   0.14   0.03
dm-1              0.00     0.00    0.00    0.00     0.00     0.00     0.00     0.00    0.00   0.00   0.00
dm-2              0.00     0.00    0.00    2.33     0.00     0.01     8.00     0.02    6.57   6.00   1.40

avg-cpu:  %user   %nice %system %iowait  %steal   %idle
          12.34    0.00    7.43   21.53    0.00   58.70

Device:         rrqm/s   wrqm/s     r/s     w/s    rMB/s    wMB/s avgrq-sz avgqu-sz   await  svctm  %util
sda               0.00     0.00    0.00    0.00     0.00     0.00     0.00     0.00    0.00   0.00   0.00
sdb               0.00     0.00    0.00    0.00     0.00     0.00     0.00     0.00    0.00   0.00   0.00
sdc               0.00     0.00    0.00    0.00     0.00     0.00     0.00     0.00    0.00   0.00   0.00
dm-0              0.00     0.00    0.00    0.00     0.00     0.00     0.00     0.00    0.00   0.00   0.00
dm-1              0.00     0.00    0.00    0.00     0.00     0.00     0.00     0.00    0.00   0.00   0.00
dm-2              0.00     0.00    0.00    0.00     0.00     0.00     0.00     0.00    0.00   0.00   0.00

avg-cpu:  %user   %nice %system %iowait  %steal   %idle
          11.37    0.00    7.64   19.50    0.00   61.49

Device:         rrqm/s   wrqm/s     r/s     w/s    rMB/s    wMB/s avgrq-sz avgqu-sz   await  svctm  %util
sda               0.00     2.67    0.00    4.00     0.00     0.02    12.00     0.03    6.92   6.50   2.60
sdb               0.00     0.00    0.00    0.00     0.00     0.00     0.00     0.00    0.00   0.00   0.00
sdc               0.00     0.00    0.00    0.00     0.00     0.00     0.00     0.00    0.00   0.00   0.00
dm-0              0.00     0.00    0.00    3.33     0.00     0.01     8.00     0.02    4.90   4.10   1.37
dm-1              0.00     0.00    0.00    0.00     0.00     0.00     0.00     0.00    0.00   0.00   0.00
dm-2              0.00     0.00    0.00    2.67     0.00     0.01     8.00     0.01    4.62   4.63   1.23

avg-cpu:  %user   %nice %system %iowait  %steal   %idle
          13.00    0.00    7.97   14.12    0.00   64.91

Device:         rrqm/s   wrqm/s     r/s     w/s    rMB/s    wMB/s avgrq-sz avgqu-sz   await  svctm  %util
sda               0.00     1.67    0.00    1.33     0.00     0.01    18.00     0.00    0.75   2.75   0.37
sdb               0.00     0.00    0.00    0.00     0.00     0.00     0.00     0.00    0.00   0.00   0.00
sdc               0.00     0.00    0.00    0.00     0.00     0.00     0.00     0.00    0.00   0.00   0.00
dm-0              0.00     0.00    0.00    3.33     0.00     0.01     8.00     0.01    0.60   1.20   0.40
dm-1              0.00     0.00    0.00    0.00     0.00     0.00     0.00     0.00    0.00   0.00   0.00
dm-2              0.00     0.00    0.00    0.00     0.00     0.00     0.00     0.00    0.00   0.00   0.00

avg-cpu:  %user   %nice %system %iowait  %steal   %idle
          10.98    0.00    6.81   15.30    0.00   66.91

Device:         rrqm/s   wrqm/s     r/s     w/s    rMB/s    wMB/s avgrq-sz avgqu-sz   await  svctm  %util
sda               0.00     1.00    0.00    2.00     0.00     0.01     9.33     0.01    8.00   6.67   1.33
sdb               0.00     0.00    0.00    0.00     0.00     0.00     0.00     0.00    0.00   0.00   0.00
sdc               0.00     0.00    0.00    0.00     0.00     0.00     0.00     0.00    0.00   0.00   0.00
dm-0              0.00     0.00    0.00    0.00     0.00     0.00     0.00     0.00    0.00   0.00   0.27
dm-1              0.00     0.00    0.00    0.00     0.00     0.00     0.00     0.00    0.00   0.00   0.00
dm-2              0.00     0.00    0.00    2.00     0.00     0.01     8.00     0.01    5.17   5.17   1.03

avg-cpu:  %user   %nice %system %iowait  %steal   %idle
          12.67    0.00    7.74   18.38    0.00   61.21

Device:         rrqm/s   wrqm/s     r/s     w/s    rMB/s    wMB/s avgrq-sz avgqu-sz   await  svctm  %util
sda               0.00     0.67    0.00    3.00     0.00     0.01     8.89     0.01    2.56   2.11   0.63
sdb               0.00     0.00    0.00    0.00     0.00     0.00     0.00     0.00    0.00   0.00   0.00
sdc               0.00     0.00    0.00    0.00     0.00     0.00     0.00     0.00    0.00   0.00   0.00
dm-0              0.00     0.00    0.00    2.00     0.00     0.01     8.00     0.01    3.67   3.00   0.60
dm-1              0.00     0.00    0.00    0.00     0.00     0.00     0.00     0.00    0.00   0.00   0.00
dm-2              0.00     0.00    0.00    1.33     0.00     0.01     8.00     0.00    0.75   0.25   0.03

avg-cpu:  %user   %nice %system %iowait  %steal   %idle
          13.66    0.00    8.11   18.31    0.00   59.93

Device:         rrqm/s   wrqm/s     r/s     w/s    rMB/s    wMB/s avgrq-sz avgqu-sz   await  svctm  %util
sda               0.00     1.00    0.00    1.33     0.00     0.01    12.00     0.01    9.00   9.00   1.20
sdb               0.00     0.00    0.00    0.00     0.00     0.00     0.00     0.00    0.00   0.00   0.00
sdc               0.00     0.00    0.00    0.00     0.00     0.00     0.00     0.00    0.00   0.00   0.00
dm-0              0.00     0.00    0.00    0.00     0.00     0.00     0.00     0.00    0.00   0.00   0.00
dm-1              0.00     0.00    0.00    0.00     0.00     0.00     0.00     0.00    0.00   0.00   0.00
dm-2              0.00     0.00    0.00    2.00     0.00     0.01     8.00     0.01    6.00   6.00   1.20

avg-cpu:  %user   %nice %system %iowait  %steal   %idle
          12.57    0.00    7.58   16.56    0.00   63.29

Device:         rrqm/s   wrqm/s     r/s     w/s    rMB/s    wMB/s avgrq-sz avgqu-sz   await  svctm  %util
sda               0.00     3.00    0.00    3.67     0.00     0.02    13.82     0.02    4.27   3.55   1.30
sdb               0.00     0.00    0.00    0.00     0.00     0.00     0.00     0.00    0.00   0.00   0.00
sdc               0.00     0.00    0.00    0.00     0.00     0.00     0.00     0.00    0.00   0.00   0.00
dm-0              0.00     0.00    0.00    3.33     0.00     0.01     8.00     0.01    4.30   3.60   1.20
dm-1              0.00     0.00    0.00    0.00     0.00     0.00     0.00     0.00    0.00   0.00   0.00
dm-2              0.00     0.00    0.00    3.00     0.00     0.01     8.00     0.01    3.00   0.33   0.10

avg-cpu:  %user   %nice %system %iowait  %steal   %idle
          10.42    0.00    6.14   17.18    0.00   66.26

Device:         rrqm/s   wrqm/s     r/s     w/s    rMB/s    wMB/s avgrq-sz avgqu-sz   await  svctm  %util
sda               0.00     2.33    0.00    2.00     0.00     0.02    17.33     0.01    6.33   6.33   1.27
sdb               0.00     0.00    0.00    0.00     0.00     0.00     0.00     0.00    0.00   0.00   0.00
sdc               0.00     0.00    0.00    0.00     0.00     0.00     0.00     0.00    0.00   0.00   0.00
dm-0              0.00     0.00    0.00    0.00     0.00     0.00     0.00     0.00    0.00   0.00   0.00
dm-1              0.00     0.00    0.00    0.00     0.00     0.00     0.00     0.00    0.00   0.00   0.00
dm-2              0.00     0.00    0.00    4.33     0.00     0.02     8.00     0.02    3.46   3.00   1.30

avg-cpu:  %user   %nice %system %iowait  %steal   %idle
          12.11    0.00    9.28   32.71    0.00   45.89

Device:         rrqm/s   wrqm/s     r/s     w/s    rMB/s    wMB/s avgrq-sz avgqu-sz   await  svctm  %util
sda               0.00     0.33    0.00    2.00     0.00     0.01     6.67     0.01    4.17   3.50   0.70
sdb               0.00     0.00    0.00    0.00     0.00     0.00     0.00     0.00    0.00   0.00   0.00
sdc               0.00     0.00    0.00    0.00     0.00     0.00     0.00     0.00    0.00   0.00   0.00
dm-0              0.00     0.00    0.00    1.67     0.00     0.01     8.00     0.01    3.40   3.20   0.53
dm-1              0.00     0.00    0.00    0.00     0.00     0.00     0.00     0.00    0.00   0.00   0.00
dm-2              0.00     0.00    0.00    0.00     0.00     0.00     0.00     0.00    0.00   0.00   0.10

avg-cpu:  %user   %nice %system %iowait  %steal   %idle
          15.57    0.00   16.63   41.64    0.00   26.16

Device:         rrqm/s   wrqm/s     r/s     w/s    rMB/s    wMB/s avgrq-sz avgqu-sz   await  svctm  %util
sda               0.00     1.00    0.00    1.67     0.00     0.01    11.20     0.01    7.80   7.80   1.30
sdb               0.00     0.00    0.00    0.00     0.00     0.00     0.00     0.00    0.00   0.00   0.00
sdc               0.00     0.00    0.00    0.00     0.00     0.00     0.00     0.00    0.00   0.00   0.00
dm-0              0.00     0.00    0.00    0.00     0.00     0.00     0.00     0.00    0.00   0.00   0.00
dm-1              0.00     0.00    0.00    0.00     0.00     0.00     0.00     0.00    0.00   0.00   0.00
dm-2              0.00     0.00    0.00    2.33     0.00     0.01     8.00     0.01    5.57   5.57   1.30

avg-cpu:  %user   %nice %system %iowait  %steal   %idle
          10.81    0.00   12.72   38.91    0.00   37.55

Device:         rrqm/s   wrqm/s     r/s     w/s    rMB/s    wMB/s avgrq-sz avgqu-sz   await  svctm  %util
sda               0.00     0.33    0.00    1.67     0.00     0.01     8.00     0.01    3.00   3.00   0.50
sdb               0.00     0.00    0.00    0.00     0.00     0.00     0.00     0.00    0.00   0.00   0.00
sdc               0.00     0.00    0.00    0.00     0.00     0.00     0.00     0.00    0.00   0.00   0.00
dm-0              0.00     0.00    0.00    1.67     0.00     0.01     8.00     0.01    3.00   3.00   0.50
dm-1              0.00     0.00    0.00    0.00     0.00     0.00     0.00     0.00    0.00   0.00   0.00
dm-2              0.00     0.00    0.00    0.00     0.00     0.00     0.00     0.00    0.00   0.00   0.00

avg-cpu:  %user   %nice %system %iowait  %steal   %idle
          13.55    0.00   17.71   40.06    0.00   28.68

Device:         rrqm/s   wrqm/s     r/s     w/s    rMB/s    wMB/s avgrq-sz avgqu-sz   await  svctm  %util
sda               0.00     1.00    0.00    1.33     0.00     0.01    12.00     0.01    9.25   9.25   1.23
sdb               0.00     0.00    0.00    0.00     0.00     0.00     0.00     0.00    0.00   0.00   0.00
sdc               0.00     0.00    0.00    0.00     0.00     0.00     0.00     0.00    0.00   0.00   0.00
dm-0              0.00     0.00    0.00    0.00     0.00     0.00     0.00     0.00    0.00   0.00   0.00
dm-1              0.00     0.00    0.00    0.00     0.00     0.00     0.00     0.00    0.00   0.00   0.00
dm-2              0.00     0.00    0.00    2.00     0.00     0.01     8.00     0.01    6.17   6.17   1.23

avg-cpu:  %user   %nice %system %iowait  %steal   %idle
           7.65    0.00    7.92   40.37    0.00   44.06

Device:         rrqm/s   wrqm/s     r/s     w/s    rMB/s    wMB/s avgrq-sz avgqu-sz   await  svctm  %util
sda               0.00     1.00    0.00    3.33     0.00     0.02     9.60     0.01    2.80   2.20   0.73
sdb               0.00     0.00    0.00    0.00     0.00     0.00     0.00     0.00    0.00   0.00   0.00
sdc               0.00     0.00    0.00    0.00     0.00     0.00     0.00     0.00    0.00   0.00   0.00
dm-0              0.00     0.00    0.00    4.00     0.00     0.02     8.00     0.01    2.33   1.83   0.73
dm-1              0.00     0.00    0.00    0.00     0.00     0.00     0.00     0.00    0.00   0.00   0.00
dm-2              0.00     0.00    0.00    0.00     0.00     0.00     0.00     0.00    0.00   0.00   0.00

avg-cpu:  %user   %nice %system %iowait  %steal   %idle
           8.00    0.00    8.50   40.87    0.00   42.63

Device:         rrqm/s   wrqm/s     r/s     w/s    rMB/s    wMB/s avgrq-sz avgqu-sz   await  svctm  %util
sda               0.00     1.00    0.00    1.33     0.00     0.01    12.00     0.01    9.50   9.50   1.27
sdb               0.00     0.00    0.00    0.00     0.00     0.00     0.00     0.00    0.00   0.00   0.00
sdc               0.00     0.00    0.00    0.00     0.00     0.00     0.00     0.00    0.00   0.00   0.00
dm-0              0.00     0.00    0.00    0.00     0.00     0.00     0.00     0.00    0.00   0.00   0.00
dm-1              0.00     0.00    0.00    0.00     0.00     0.00     0.00     0.00    0.00   0.00   0.00
dm-2              0.00     0.00    0.00    2.00     0.00     0.01     8.00     0.01    6.33   6.33   1.27

avg-cpu:  %user   %nice %system %iowait  %steal   %idle
           8.82    0.00    9.61   38.69    0.00   42.88

Device:         rrqm/s   wrqm/s     r/s     w/s    rMB/s    wMB/s avgrq-sz avgqu-sz   await  svctm  %util
sda               0.00     0.33    0.00    1.00     0.00     0.00     8.00     0.01    5.00   5.00   0.50
sdb               0.00     0.00    0.00    0.00     0.00     0.00     0.00     0.00    0.00   0.00   0.00
sdc               0.00     0.00    0.00    0.00     0.00     0.00     0.00     0.00    0.00   0.00   0.00
dm-0              0.00     0.00    0.00    1.00     0.00     0.00     8.00     0.01    5.00   5.00   0.50
dm-1              0.00     0.00    0.00    0.00     0.00     0.00     0.00     0.00    0.00   0.00   0.00
dm-2              0.00     0.00    0.00    0.00     0.00     0.00     0.00     0.00    0.00   0.00   0.00

avg-cpu:  %user   %nice %system %iowait  %steal   %idle
          12.86    0.00   11.87   46.37    0.00   28.89

Device:         rrqm/s   wrqm/s     r/s     w/s    rMB/s    wMB/s avgrq-sz avgqu-sz   await  svctm  %util
sda               0.00     1.00    0.00    1.33     0.00     0.01    12.00     0.01    8.00   8.00   1.07
sdb               0.00     0.00    0.00    0.00     0.00     0.00     0.00     0.00    0.00   0.00   0.00
sdc               0.00     0.00    0.00    0.00     0.00     0.00     0.00     0.00    0.00   0.00   0.00
dm-0              0.00     0.00    0.00    0.00     0.00     0.00     0.00     0.00    0.00   0.00   0.00
dm-1              0.00     0.00    0.00    0.00     0.00     0.00     0.00     0.00    0.00   0.00   0.00
dm-2              0.00     0.00    0.00    2.00     0.00     0.01     8.00     0.01    5.83   5.33   1.07

avg-cpu:  %user   %nice %system %iowait  %steal   %idle
           8.26    0.00    5.78   13.37    0.00   72.60

Device:         rrqm/s   wrqm/s     r/s     w/s    rMB/s    wMB/s avgrq-sz avgqu-sz   await  svctm  %util
sda               0.00     2.67    0.00    2.33     0.00     0.02    17.14     0.00    0.57   0.14   0.03
sdb               0.00     0.00    0.00    0.00     0.00     0.00     0.00     0.00    0.00   0.00   0.00
sdc               0.00     0.00    0.00    0.00     0.00     0.00     0.00     0.00    0.00   0.00   0.00
dm-0              0.00     0.00    0.00    0.00     0.00     0.00     0.00     0.00    0.00   0.00   0.00
dm-1              0.00     0.00    0.00    0.00     0.00     0.00     0.00     0.00    0.00   0.00   0.00
dm-2              0.00     0.00    0.00    5.00     0.00     0.02     8.00     0.00    0.27   0.07   0.03

avg-cpu:  %user   %nice %system %iowait  %steal   %idle
          10.77    0.00    6.36   10.86    0.00   72.01

Device:         rrqm/s   wrqm/s     r/s     w/s    rMB/s    wMB/s avgrq-sz avgqu-sz   await  svctm  %util
sda               0.00     3.00    0.00    4.00     0.00     0.02    12.67     0.02    4.75   4.42   1.77
sdb               0.00     0.00    0.00    0.00     0.00     0.00     0.00     0.00    0.00   0.00   0.00
sdc               0.00     0.00    0.00    0.00     0.00     0.00     0.00     0.00    0.00   0.00   0.00
dm-0              0.00     0.00    0.00    2.00     0.00     0.01     8.00     0.01    2.83   2.83   0.57
dm-1              0.00     0.00    0.00    0.00     0.00     0.00     0.00     0.00    0.00   0.00   0.00
dm-2              0.00     0.00    0.00    4.33     0.00     0.02     8.00     0.02    3.62   2.85   1.23

avg-cpu:  %user   %nice %system %iowait  %steal   %idle
          11.95    0.00    6.88   21.85    0.00   59.32

Device:         rrqm/s   wrqm/s     r/s     w/s    rMB/s    wMB/s avgrq-sz avgqu-sz   await  svctm  %util
sda               0.00     0.00    0.00    0.00     0.00     0.00     0.00     0.00    0.00   0.00   0.00
sdb               0.00     0.00    0.00    0.00     0.00     0.00     0.00     0.00    0.00   0.00   0.00
sdc               0.00     0.00    0.00    0.00     0.00     0.00     0.00     0.00    0.00   0.00   0.00
dm-0              0.00     0.00    0.00    0.00     0.00     0.00     0.00     0.00    0.00   0.00   0.00
dm-1              0.00     0.00    0.00    0.00     0.00     0.00     0.00     0.00    0.00   0.00   0.00
dm-2              0.00     0.00    0.00    0.00     0.00     0.00     0.00     0.00    0.00   0.00   0.00

avg-cpu:  %user   %nice %system %iowait  %steal   %idle
          13.97    0.00   10.08   26.70    0.00   49.24

Device:         rrqm/s   wrqm/s     r/s     w/s    rMB/s    wMB/s avgrq-sz avgqu-sz   await  svctm  %util
sda               0.00     1.67    0.00    4.00     0.00     0.02    10.00     0.02    6.17   5.83   2.33
sdb               0.00     0.00    0.00    0.00     0.00     0.00     0.00     0.00    0.00   0.00   0.00
sdc               0.00     0.00    0.00    0.00     0.00     0.00     0.00     0.00    0.00   0.00   0.00
dm-0              0.00     0.00    0.00    2.67     0.00     0.01     8.00     0.01    5.12   4.38   1.17
dm-1              0.00     0.00    0.00    0.00     0.00     0.00     0.00     0.00    0.00   0.00   0.00
dm-2              0.00     0.00    0.00    2.33     0.00     0.01     8.00     0.01    5.00   5.00   1.17

avg-cpu:  %user   %nice %system %iowait  %steal   %idle
          12.12    0.00    8.95   29.19    0.00   49.74

Device:         rrqm/s   wrqm/s     r/s     w/s    rMB/s    wMB/s avgrq-sz avgqu-sz   await  svctm  %util
sda               0.00     0.00    0.00    0.00     0.00     0.00     0.00     0.00    0.00   0.00   0.00
sdb               0.00     0.00    0.00    0.00     0.00     0.00     0.00     0.00    0.00   0.00   0.00
sdc               0.00     0.00    0.00    0.00     0.00     0.00     0.00     0.00    0.00   0.00   0.00
dm-0              0.00     0.00    0.00    0.00     0.00     0.00     0.00     0.00    0.00   0.00   0.00
dm-1              0.00     0.00    0.00    0.00     0.00     0.00     0.00     0.00    0.00   0.00   0.00
dm-2              0.00     0.00    0.00    0.00     0.00     0.00     0.00     0.00    0.00   0.00   0.00

avg-cpu:  %user   %nice %system %iowait  %steal   %idle
          11.50    0.00    8.62   31.45    0.00   48.43

Device:         rrqm/s   wrqm/s     r/s     w/s    rMB/s    wMB/s avgrq-sz avgqu-sz   await  svctm  %util
sda               0.00     1.33    0.00    3.00     0.00     0.01     9.78     0.02    5.89   5.22   1.57
sdb               0.00     0.00    0.00    0.00     0.00     0.00     0.00     0.00    0.00   0.00   0.00
sdc               0.00     0.00    0.00    0.00     0.00     0.00     0.00     0.00    0.00   0.00   0.00
dm-0              0.00     0.00    0.00    1.67     0.00     0.01     8.00     0.01    4.80   4.80   0.80
dm-1              0.00     0.00    0.00    0.00     0.00     0.00     0.00     0.00    0.00   0.00   0.00
dm-2              0.00     0.00    0.00    2.00     0.00     0.01     8.00     0.02    7.83   4.83   0.97

avg-cpu:  %user   %nice %system %iowait  %steal   %idle
          13.90    0.00   12.51   32.34    0.00   41.25

Device:         rrqm/s   wrqm/s     r/s     w/s    rMB/s    wMB/s avgrq-sz avgqu-sz   await  svctm  %util
sda               0.00     0.00    0.00    0.00     0.00     0.00     0.00     0.00    0.00   0.00   0.00
sdb               0.00     0.00    0.00    0.00     0.00     0.00     0.00     0.00    0.00   0.00   0.00
sdc               0.00     0.00    0.00    0.00     0.00     0.00     0.00     0.00    0.00   0.00   0.00
dm-0              0.00     0.00    0.00    0.00     0.00     0.00     0.00     0.00    0.00   0.00   0.00
dm-1              0.00     0.00    0.00    0.00     0.00     0.00     0.00     0.00    0.00   0.00   0.00
dm-2              0.00     0.00    0.00    0.00     0.00     0.00     0.00     0.00    0.00   0.00   0.00

avg-cpu:  %user   %nice %system %iowait  %steal   %idle
          11.32    0.00   10.89   45.22    0.00   32.57

Device:         rrqm/s   wrqm/s     r/s     w/s    rMB/s    wMB/s avgrq-sz avgqu-sz   await  svctm  %util
sda               0.00     1.67    0.00    2.67     0.00     0.01    11.00     0.02    7.25   7.25   1.93
sdb               0.00     0.00    0.00    0.00     0.00     0.00     0.00     0.00    0.00   0.00   0.00
sdc               0.00     0.00    0.00    0.00     0.00     0.00     0.00     0.00    0.00   0.00   0.00
dm-0              0.00     0.00    0.00    1.67     0.00     0.01     8.00     0.01    4.20   4.20   0.70
dm-1              0.00     0.00    0.00    0.00     0.00     0.00     0.00     0.00    0.00   0.00   0.00
dm-2              0.00     0.00    0.00    2.00     0.00     0.01     8.00     0.01    6.17   6.17   1.23

avg-cpu:  %user   %nice %system %iowait  %steal   %idle
          16.24    0.00   21.11   46.95    0.00   15.71

Device:         rrqm/s   wrqm/s     r/s     w/s    rMB/s    wMB/s avgrq-sz avgqu-sz   await  svctm  %util
sda               0.00     0.00    0.00    0.00     0.00     0.00     0.00     0.00    0.00   0.00   0.00
sdb               0.00     0.00    0.00    0.00     0.00     0.00     0.00     0.00    0.00   0.00   0.00
sdc               0.00     0.00    0.00    0.00     0.00     0.00     0.00     0.00    0.00   0.00   0.00
dm-0              0.00     0.00    0.00    0.00     0.00     0.00     0.00     0.00    0.00   0.00   0.00
dm-1              0.00     0.00    0.00    0.00     0.00     0.00     0.00     0.00    0.00   0.00   0.00
dm-2              0.00     0.00    0.00    0.00     0.00     0.00     0.00     0.00    0.00   0.00   0.00

avg-cpu:  %user   %nice %system %iowait  %steal   %idle
           9.91    0.00   10.79   35.93    0.00   43.38

Device:         rrqm/s   wrqm/s     r/s     w/s    rMB/s    wMB/s avgrq-sz avgqu-sz   await  svctm  %util
sda               0.00     1.33    0.00    3.67     0.00     0.02     9.45     0.04    9.55   6.00   2.20
sdb               0.00     0.00    0.00    0.00     0.00     0.00     0.00     0.00    0.00   0.00   0.00
sdc               0.00     0.00    0.00    0.00     0.00     0.00     0.00     0.00    0.00   0.00   0.00
dm-0              0.00     0.00    0.00    2.33     0.00     0.01     8.00     0.02    8.14   7.29   1.70
dm-1              0.00     0.00    0.00    0.00     0.00     0.00     0.00     0.00    0.00   0.00   0.00
dm-2              0.00     0.00    0.00    2.00     0.00     0.01     8.00     0.02    9.50   7.50   1.50

avg-cpu:  %user   %nice %system %iowait  %steal   %idle
           7.52    0.00    7.90   33.50    0.00   51.08

Device:         rrqm/s   wrqm/s     r/s     w/s    rMB/s    wMB/s avgrq-sz avgqu-sz   await  svctm  %util
sda               0.00     2.33    0.00    0.67     0.00     0.01    36.00     0.00    3.00   1.50   0.10
sdb               0.00     0.00    0.00    0.00     0.00     0.00     0.00     0.00    0.00   0.00   0.00
sdc               0.00     0.00    0.00    0.00     0.00     0.00     0.00     0.00    0.00   0.00   0.00
dm-0              0.00     0.00    0.00    0.00     0.00     0.00     0.00     0.00    0.00   0.00   0.00
dm-1              0.00     0.00    0.00    0.00     0.00     0.00     0.00     0.00    0.00   0.00   0.00
dm-2              0.00     0.00    0.00    3.00     0.00     0.01     8.00     0.01    3.00   0.33   0.10

avg-cpu:  %user   %nice %system %iowait  %steal   %idle
           8.71    0.00    9.12   39.40    0.00   42.77

Device:         rrqm/s   wrqm/s     r/s     w/s    rMB/s    wMB/s avgrq-sz avgqu-sz   await  svctm  %util
sda               0.00     2.67    0.00    2.33     0.00     0.02    16.00     0.02    6.71   6.57   1.53
sdb               0.00     0.00    0.00    0.00     0.00     0.00     0.00     0.00    0.00   0.00   0.00
sdc               0.00     0.00    0.00    0.00     0.00     0.00     0.00     0.00    0.00   0.00   0.00
dm-0              0.00     0.00    0.00    0.33     0.00     0.00     8.00     0.00    3.00   3.00   0.10
dm-1              0.00     0.00    0.00    0.00     0.00     0.00     0.00     0.00    0.00   0.00   0.00
dm-2              0.00     0.00    0.00    4.33     0.00     0.02     8.00     0.02    4.00   3.31   1.43

avg-cpu:  %user   %nice %system %iowait  %steal   %idle
           9.05    0.00    9.55   40.68    0.00   40.72

Device:         rrqm/s   wrqm/s     r/s     w/s    rMB/s    wMB/s avgrq-sz avgqu-sz   await  svctm  %util
sda               0.00     0.00    0.00    1.67     0.00     0.01     8.00     0.00    0.80   0.20   0.03
sdb               0.00     0.00    0.00    0.00     0.00     0.00     0.00     0.00    0.00   0.00   0.00
sdc               0.00     0.00    0.00    0.00     0.00     0.00     0.00     0.00    0.00   0.00   0.00
dm-0              0.00     0.00    0.00    0.00     0.00     0.00     0.00     0.00    0.00   0.00   0.00
dm-1              0.00     0.00    0.00    0.00     0.00     0.00     0.00     0.00    0.00   0.00   0.00
dm-2              0.00     0.00    0.00    1.67     0.00     0.01     8.00     0.00    0.80   0.20   0.03

avg-cpu:  %user   %nice %system %iowait  %steal   %idle
          13.27    0.00    8.71   32.09    0.00   45.93

Device:         rrqm/s   wrqm/s     r/s     w/s    rMB/s    wMB/s avgrq-sz avgqu-sz   await  svctm  %util
sda               0.00     1.67    0.00    2.67     0.00     0.01    11.00     0.02    8.75   8.75   2.33
sdb               0.00     0.00    0.00    0.00     0.00     0.00     0.00     0.00    0.00   0.00   0.00
sdc               0.00     0.00    0.00    0.00     0.00     0.00     0.00     0.00    0.00   0.00   0.00
dm-0              0.00     0.00    0.00    1.67     0.00     0.01     8.00     0.01    4.20   4.20   0.70
dm-1              0.00     0.00    0.00    0.00     0.00     0.00     0.00     0.00    0.00   0.00   0.00
dm-2              0.00     0.00    0.00    2.00     0.00     0.01     8.00     0.02    8.17   8.17   1.63

avg-cpu:  %user   %nice %system %iowait  %steal   %idle
           8.48    0.00    8.61   36.34    0.00   46.57

Device:         rrqm/s   wrqm/s     r/s     w/s    rMB/s    wMB/s avgrq-sz avgqu-sz   await  svctm  %util
sda               0.00     0.00    0.00    0.00     0.00     0.00     0.00     0.00    0.00   0.00   0.00
sdb               0.00     0.00    0.00    0.00     0.00     0.00     0.00     0.00    0.00   0.00   0.00
sdc               0.00     0.00    0.00    0.00     0.00     0.00     0.00     0.00    0.00   0.00   0.00
dm-0              0.00     0.00    0.00    0.00     0.00     0.00     0.00     0.00    0.00   0.00   0.00
dm-1              0.00     0.00    0.00    0.00     0.00     0.00     0.00     0.00    0.00   0.00   0.00
dm-2              0.00     0.00    0.00    0.00     0.00     0.00     0.00     0.00    0.00   0.00   0.00

avg-cpu:  %user   %nice %system %iowait  %steal   %idle
          10.92    0.00    9.14   15.51    0.00   64.43

Device:         rrqm/s   wrqm/s     r/s     w/s    rMB/s    wMB/s avgrq-sz avgqu-sz   await  svctm  %util
sda               0.00     1.67    0.00    3.00     0.00     0.02    10.67     0.02    7.22   7.00   2.10
sdb               0.00     0.00    0.00    0.00     0.00     0.00     0.00     0.00    0.00   0.00   0.00
sdc               0.00     0.00    0.00    0.00     0.00     0.00     0.00     0.00    0.00   0.00   0.00
dm-0              0.00     0.00    0.00    2.00     0.00     0.01     8.00     0.01    5.33   4.67   0.93
dm-1              0.00     0.00    0.00    0.00     0.00     0.00     0.00     0.00    0.00   0.00   0.00
dm-2              0.00     0.00    0.00    2.00     0.00     0.01     8.00     0.01    6.33   5.83   1.17

avg-cpu:  %user   %nice %system %iowait  %steal   %idle
          10.52    0.00    8.58   16.64    0.00   64.26

Device:         rrqm/s   wrqm/s     r/s     w/s    rMB/s    wMB/s avgrq-sz avgqu-sz   await  svctm  %util
sda               0.00     0.00    0.00    0.00     0.00     0.00     0.00     0.00    0.00   0.00   0.00
sdb               0.00     0.00    0.00    0.00     0.00     0.00     0.00     0.00    0.00   0.00   0.00
sdc               0.00     0.00    0.00    0.00     0.00     0.00     0.00     0.00    0.00   0.00   0.00
dm-0              0.00     0.00    0.00    0.00     0.00     0.00     0.00     0.00    0.00   0.00   0.00
dm-1              0.00     0.00    0.00    0.00     0.00     0.00     0.00     0.00    0.00   0.00   0.00
dm-2              0.00     0.00    0.00    0.00     0.00     0.00     0.00     0.00    0.00   0.00   0.00

avg-cpu:  %user   %nice %system %iowait  %steal   %idle
          14.11    0.00    9.40   44.26    0.00   32.24

Device:         rrqm/s   wrqm/s     r/s     w/s    rMB/s    wMB/s avgrq-sz avgqu-sz   await  svctm  %util
sda               0.00     1.67    0.00    3.67     0.00     0.02    10.91     0.02    6.00   6.18   2.27
sdb               0.00     0.00    0.00    0.00     0.00     0.00     0.00     0.00    0.00   0.00   0.00
sdc               0.00     0.00    0.00    0.00     0.00     0.00     0.00     0.00    0.00   0.00   0.00
dm-0              0.00     0.00    0.00    3.00     0.00     0.01     8.00     0.02    5.33   4.56   1.37
dm-1              0.00     0.00    0.00    0.00     0.00     0.00     0.00     0.00    0.00   0.00   0.00
dm-2              0.00     0.00    0.00    2.00     0.00     0.01     8.00     0.01    3.33   4.50   0.90

avg-cpu:  %user   %nice %system %iowait  %steal   %idle
          12.46    0.00    9.00   33.76    0.00   44.78

Device:         rrqm/s   wrqm/s     r/s     w/s    rMB/s    wMB/s avgrq-sz avgqu-sz   await  svctm  %util
sda               0.00     0.00    0.00    0.33     0.00     0.00     0.00     0.00    9.00   2.00   0.07
sdb               0.00     0.00    0.00    0.00     0.00     0.00     0.00     0.00    0.00   0.00   0.00
sdc               0.00     0.00    0.00    0.00     0.00     0.00     0.00     0.00    0.00   0.00   0.00
dm-0              0.00     0.00    0.00    0.00     0.00     0.00     0.00     0.00    0.00   0.00   0.00
dm-1              0.00     0.00    0.00    0.00     0.00     0.00     0.00     0.00    0.00   0.00   0.00
dm-2              0.00     0.00    0.00    0.00     0.00     0.00     0.00     0.00    0.00   0.00   0.07

avg-cpu:  %user   %nice %system %iowait  %steal   %idle
          10.76    0.00    8.25   24.69    0.00   56.30

Device:         rrqm/s   wrqm/s     r/s     w/s    rMB/s    wMB/s avgrq-sz avgqu-sz   await  svctm  %util
sda               0.00     1.33    0.00    3.00     0.00     0.01     9.78     0.02    6.22   5.56   1.67
sdb               0.00     0.00    0.00    0.00     0.00     0.00     0.00     0.00    0.00   0.00   0.00
sdc               0.00     0.00    0.00    0.00     0.00     0.00     0.00     0.00    0.00   0.00   0.00
dm-0              0.00     0.00    0.00    1.67     0.00     0.01     8.00     0.01    4.20   4.20   0.70
dm-1              0.00     0.00    0.00    0.00     0.00     0.00     0.00     0.00    0.00   0.00   0.00
dm-2              0.00     0.00    0.00    2.00     0.00     0.01     8.00     0.01    7.33   5.33   1.07

avg-cpu:  %user   %nice %system %iowait  %steal   %idle
          13.28    0.00   11.04   32.03    0.00   43.64

Device:         rrqm/s   wrqm/s     r/s     w/s    rMB/s    wMB/s avgrq-sz avgqu-sz   await  svctm  %util
sda               0.00     2.67    0.00    0.67     0.00     0.01    40.00     0.00    3.00   1.50   0.10
sdb               0.00     0.00    0.00    0.00     0.00     0.00     0.00     0.00    0.00   0.00   0.00
sdc               0.00     0.00    0.00    0.00     0.00     0.00     0.00     0.00    0.00   0.00   0.00
dm-0              0.00     0.00    0.00    0.00     0.00     0.00     0.00     0.00    0.00   0.00   0.00
dm-1              0.00     0.00    0.00    0.00     0.00     0.00     0.00     0.00    0.00   0.00   0.00
dm-2              0.00     0.00    0.00    3.33     0.00     0.01     8.00     0.01    3.00   0.30   0.10

avg-cpu:  %user   %nice %system %iowait  %steal   %idle
           9.88    0.00    8.98   37.47    0.00   43.66

Device:         rrqm/s   wrqm/s     r/s     w/s    rMB/s    wMB/s avgrq-sz avgqu-sz   await  svctm  %util
sda               0.00     2.33    0.00    3.67     0.00     0.02    11.64     0.03    6.91   6.91   2.53
sdb               0.00     0.00    0.00    0.00     0.00     0.00     0.00     0.00    0.00   0.00   0.00
sdc               0.00     0.00    0.00    0.00     0.00     0.00     0.00     0.00    0.00   0.00   0.00
dm-0              0.00     0.00    0.00    1.67     0.00     0.01     8.00     0.01    6.00   6.00   1.00
dm-1              0.00     0.00    0.00    0.00     0.00     0.00     0.00     0.00    0.00   0.00   0.00
dm-2              0.00     0.00    0.00    3.67     0.00     0.01     8.00     0.02    4.73   4.18   1.53

avg-cpu:  %user   %nice %system %iowait  %steal   %idle
          18.28    0.00   24.10   43.99    0.00   13.63

Device:         rrqm/s   wrqm/s     r/s     w/s    rMB/s    wMB/s avgrq-sz avgqu-sz   await  svctm  %util
sda               0.00     0.00    0.00    0.00     0.00     0.00     0.00     0.00    0.00   0.00   0.00
sdb               0.00     0.00    0.00    0.00     0.00     0.00     0.00     0.00    0.00   0.00   0.00
sdc               0.00     0.00    0.00    0.00     0.00     0.00     0.00     0.00    0.00   0.00   0.00
dm-0              0.00     0.00    0.00    0.00     0.00     0.00     0.00     0.00    0.00   0.00   0.00
dm-1              0.00     0.00    0.00    0.00     0.00     0.00     0.00     0.00    0.00   0.00   0.00
dm-2              0.00     0.00    0.00    0.00     0.00     0.00     0.00     0.00    0.00   0.00   0.00

avg-cpu:  %user   %nice %system %iowait  %steal   %idle
          16.88    0.00   22.32   44.19    0.00   16.61

Device:         rrqm/s   wrqm/s     r/s     w/s    rMB/s    wMB/s avgrq-sz avgqu-sz   await  svctm  %util
sda               0.00     2.00    0.00    4.67     0.00     0.02    10.29     0.03    6.36   5.07   2.37
sdb               0.00     0.00    0.00    0.00     0.00     0.00     0.00     0.00    0.00   0.00   0.00
sdc               0.00     0.00    0.00    0.00     0.00     0.00     0.00     0.00    0.00   0.00   0.00
dm-0              0.00     0.00    0.00    1.67     0.00     0.01     8.00     0.01    4.60   4.60   0.77
dm-1              0.00     0.00    0.00    0.00     0.00     0.00     0.00     0.00    0.00   0.00   0.00
dm-2              0.00     0.00    0.00    4.33     0.00     0.02     8.00     0.03    6.62   4.08   1.77

avg-cpu:  %user   %nice %system %iowait  %steal   %idle
          10.14    0.00   10.62   46.58    0.00   32.67

Device:         rrqm/s   wrqm/s     r/s     w/s    rMB/s    wMB/s avgrq-sz avgqu-sz   await  svctm  %util
sda               0.00     0.00    0.00    2.00     0.00     0.01     8.00     0.00    0.83   0.17   0.03
sdb               0.00     0.00    0.00    0.00     0.00     0.00     0.00     0.00    0.00   0.00   0.00
sdc               0.00     0.00    0.00    0.00     0.00     0.00     0.00     0.00    0.00   0.00   0.00
dm-0              0.00     0.00    0.00    2.00     0.00     0.01     8.00     0.00    0.83   0.17   0.03
dm-1              0.00     0.00    0.00    0.00     0.00     0.00     0.00     0.00    0.00   0.00   0.00
dm-2              0.00     0.00    0.00    0.00     0.00     0.00     0.00     0.00    0.00   0.00   0.00

avg-cpu:  %user   %nice %system %iowait  %steal   %idle
           9.46    0.00   10.05   42.09    0.00   38.39

Device:         rrqm/s   wrqm/s     r/s     w/s    rMB/s    wMB/s avgrq-sz avgqu-sz   await  svctm  %util
sda               0.00     0.67    0.00    0.67     0.00     0.01    16.00     0.00    0.00   1.50   0.10
sdb               0.00     0.00    0.00    0.00     0.00     0.00     0.00     0.00    0.00   0.00   0.00
sdc               0.00     0.00    0.00    0.00     0.00     0.00     0.00     0.00    0.00   0.00   0.00
dm-0              0.00     0.00    0.00    0.00     0.00     0.00     0.00     0.00    0.00   0.00   0.00
dm-1              0.00     0.00    0.00    0.00     0.00     0.00     0.00     0.00    0.00   0.00   0.00
dm-2              0.00     0.00    0.00    1.67     0.00     0.01     8.00     0.00    0.00   0.80   0.13

avg-cpu:  %user   %nice %system %iowait  %steal   %idle
           5.68    0.00    5.38   23.09    0.00   65.85

Device:         rrqm/s   wrqm/s     r/s     w/s    rMB/s    wMB/s avgrq-sz avgqu-sz   await  svctm  %util
sda               0.00     0.00    0.00    0.67     0.00     0.00     4.00     0.01   13.50  12.00   0.80
sdb               0.00     0.00    0.00    0.00     0.00     0.00     0.00     0.00    0.00   0.00   0.00
sdc               0.00     0.00    0.00    0.00     0.00     0.00     0.00     0.00    0.00   0.00   0.00
dm-0              0.00     0.00    0.00    0.00     0.00     0.00     0.00     0.00    0.00   0.00   0.00
dm-1              0.00     0.00    0.00    0.00     0.00     0.00     0.00     0.00    0.00   0.00   0.00
dm-2              0.00     0.00    0.00    0.00     0.00     0.00     0.00     0.01    0.00   0.00   0.77

avg-cpu:  %user   %nice %system %iowait  %steal   %idle
           9.13    0.00    6.51   16.34    0.00   68.03

Device:         rrqm/s   wrqm/s     r/s     w/s    rMB/s    wMB/s avgrq-sz avgqu-sz   await  svctm  %util
sda               0.00     1.67    0.00    2.00     0.00     0.01    13.33     0.01    4.83   5.50   1.10
sdb               0.00     0.00    0.00    0.00     0.00     0.00     0.00     0.00    0.00   0.00   0.00
sdc               0.00     0.00    0.00    0.00     0.00     0.00     0.00     0.00    0.00   0.00   0.00
dm-0              0.00     0.00    0.00    2.00     0.00     0.01     8.00     0.01    4.83   4.83   0.97
dm-1              0.00     0.00    0.00    0.00     0.00     0.00     0.00     0.00    0.00   0.00   0.00
dm-2              0.00     0.00    0.00    1.67     0.00     0.01     8.00     0.00    0.00   0.80   0.13

avg-cpu:  %user   %nice %system %iowait  %steal   %idle
          11.99    0.00    8.19   15.48    0.00   64.35

Device:         rrqm/s   wrqm/s     r/s     w/s    rMB/s    wMB/s avgrq-sz avgqu-sz   await  svctm  %util
sda               0.00     0.00    0.00    1.00     0.00     0.00     5.33     0.01    9.00   7.67   0.77
sdb               0.00     0.00    0.00    0.00     0.00     0.00     0.00     0.00    0.00   0.00   0.00
sdc               0.00     0.00    0.00    0.00     0.00     0.00     0.00     0.00    0.00   0.00   0.00
dm-0              0.00     0.00    0.00    0.00     0.00     0.00     0.00     0.00    0.00   0.00   0.00
dm-1              0.00     0.00    0.00    0.00     0.00     0.00     0.00     0.00    0.00   0.00   0.00
dm-2              0.00     0.00    0.00    0.33     0.00     0.00     8.00     0.01   27.00  23.00   0.77

avg-cpu:  %user   %nice %system %iowait  %steal   %idle
          11.67    0.00    9.31   20.23    0.00   58.79

Device:         rrqm/s   wrqm/s     r/s     w/s    rMB/s    wMB/s avgrq-sz avgqu-sz   await  svctm  %util
sda               0.00     2.00    0.00    2.33     0.00     0.02    13.71     0.01    4.00   4.57   1.07
sdb               0.00     0.00    0.00    0.00     0.00     0.00     0.00     0.00    0.00   0.00   0.00
sdc               0.00     0.00    0.00    0.00     0.00     0.00     0.00     0.00    0.00   0.00   0.00
dm-0              0.00     0.00    0.00    1.67     0.00     0.01     8.00     0.01    5.60   5.60   0.93
dm-1              0.00     0.00    0.00    0.00     0.00     0.00     0.00     0.00    0.00   0.00   0.00
dm-2              0.00     0.00    0.00    2.67     0.00     0.01     8.00     0.00    0.00   0.50   0.13

avg-cpu:  %user   %nice %system %iowait  %steal   %idle
          12.15    0.00    8.77   31.68    0.00   47.40

Device:         rrqm/s   wrqm/s     r/s     w/s    rMB/s    wMB/s avgrq-sz avgqu-sz   await  svctm  %util
sda               0.00     2.33    0.00    1.67     0.00     0.01    17.60     0.01    7.80   5.80   0.97
sdb               0.00     0.00    0.00    0.00     0.00     0.00     0.00     0.00    0.00   0.00   0.00
sdc               0.00     0.00    0.00    0.00     0.00     0.00     0.00     0.00    0.00   0.00   0.00
dm-0              0.00     0.00    0.00    0.00     0.00     0.00     0.00     0.00    0.00   0.00   0.00
dm-1              0.00     0.00    0.00    0.00     0.00     0.00     0.00     0.00    0.00   0.00   0.00
dm-2              0.00     0.00    0.00    3.33     0.00     0.01     8.00     0.02    6.00   2.90   0.97

avg-cpu:  %user   %nice %system %iowait  %steal   %idle
          12.21    0.00    9.13   25.19    0.00   53.47

Device:         rrqm/s   wrqm/s     r/s     w/s    rMB/s    wMB/s avgrq-sz avgqu-sz   await  svctm  %util
sda               0.00     2.00    0.00    4.33     0.00     0.02    11.08     0.02    3.85   3.46   1.50
sdb               0.00     0.00    0.00    0.00     0.00     0.00     0.00     0.00    0.00   0.00   0.00
sdc               0.00     0.00    0.00    0.00     0.00     0.00     0.00     0.00    0.00   0.00   0.00
dm-0              0.00     0.00    0.00    2.67     0.00     0.01     8.00     0.02    6.00   5.25   1.40
dm-1              0.00     0.00    0.00    0.00     0.00     0.00     0.00     0.00    0.00   0.00   0.00
dm-2              0.00     0.00    0.00    3.67     0.00     0.01     8.00     0.00    0.73   0.36   0.13

avg-cpu:  %user   %nice %system %iowait  %steal   %idle
           9.86    0.00    8.18   19.96    0.00   62.00

Device:         rrqm/s   wrqm/s     r/s     w/s    rMB/s    wMB/s avgrq-sz avgqu-sz   await  svctm  %util
sda               0.00     0.33    0.00    1.67     0.00     0.01     8.00     0.02    8.60  10.20   1.70
sdb               0.00     0.00    0.00    0.00     0.00     0.00     0.00     0.00    0.00   0.00   0.00
sdc               0.00     0.00    0.00    0.00     0.00     0.00     0.00     0.00    0.00   0.00   0.00
dm-0              0.00     0.00    0.00    1.67     0.00     0.01     8.00     0.00    0.00   2.00   0.33
dm-1              0.00     0.00    0.00    0.00     0.00     0.00     0.00     0.00    0.00   0.00   0.00
dm-2              0.00     0.00    0.00    0.00     0.00     0.00     0.00     0.01    0.00   0.00   1.33

avg-cpu:  %user   %nice %system %iowait  %steal   %idle
           9.06    0.00    6.84   21.69    0.00   62.41

Device:         rrqm/s   wrqm/s     r/s     w/s    rMB/s    wMB/s avgrq-sz avgqu-sz   await  svctm  %util
sda               0.00     1.00    0.00    2.00     0.00     0.01    10.67     0.01    4.83   3.83   0.77
sdb               0.00     0.00    0.00    0.00     0.00     0.00     0.00     0.00    0.00   0.00   0.00
sdc               0.00     0.00    0.00    0.00     0.00     0.00     0.00     0.00    0.00   0.00   0.00
dm-0              0.00     0.00    0.00    0.33     0.00     0.00     8.00     0.01   29.00  19.00   0.63
dm-1              0.00     0.00    0.00    0.00     0.00     0.00     0.00     0.00    0.00   0.00   0.00
dm-2              0.00     0.00    0.00    2.33     0.00     0.01     8.00     0.00    0.00   0.57   0.13

avg-cpu:  %user   %nice %system %iowait  %steal   %idle
          13.86    0.00   14.30   44.21    0.00   27.63

Device:         rrqm/s   wrqm/s     r/s     w/s    rMB/s    wMB/s avgrq-sz avgqu-sz   await  svctm  %util
sda               0.00     1.33    0.00    2.33     0.00     0.01    10.29     0.02   11.00  10.43   2.43
sdb               0.00     0.00    0.00    0.00     0.00     0.00     0.00     0.00    0.00   0.00   0.00
sdc               0.00     0.00    0.00    0.00     0.00     0.00     0.00     0.00    0.00   0.00   0.00
dm-0              0.00     0.00    0.00    2.67     0.00     0.01     8.00     0.01    4.50   4.50   1.20
dm-1              0.00     0.00    0.00    0.00     0.00     0.00     0.00     0.00    0.00   0.00   0.00
dm-2              0.00     0.00    0.00    0.00     0.00     0.00     0.00     0.01    0.00   0.00   1.23

avg-cpu:  %user   %nice %system %iowait  %steal   %idle
          18.26    0.00   24.11   43.82    0.00   13.81

Device:         rrqm/s   wrqm/s     r/s     w/s    rMB/s    wMB/s avgrq-sz avgqu-sz   await  svctm  %util
sda               0.00     1.00    0.00    1.00     0.00     0.01    16.00     0.00    0.00   1.33   0.13
sdb               0.00     0.00    0.00    0.00     0.00     0.00     0.00     0.00    0.00   0.00   0.00
sdc               0.00     0.00    0.00    0.00     0.00     0.00     0.00     0.00    0.00   0.00   0.00
dm-0              0.00     0.00    0.00    0.00     0.00     0.00     0.00     0.00    0.00   0.00   0.00
dm-1              0.00     0.00    0.00    0.00     0.00     0.00     0.00     0.00    0.00   0.00   0.00
dm-2              0.00     0.00    0.00    2.33     0.00     0.01     8.00     0.00    0.00   0.57   0.13

avg-cpu:  %user   %nice %system %iowait  %steal   %idle
          13.14    0.00   16.78   40.81    0.00   29.27

Device:         rrqm/s   wrqm/s     r/s     w/s    rMB/s    wMB/s avgrq-sz avgqu-sz   await  svctm  %util
sda               0.00     0.67    0.00    1.67     0.00     0.01     8.00     0.02   11.00  10.20   1.70
sdb               0.00     0.00    0.00    0.00     0.00     0.00     0.00     0.00    0.00   0.00   0.00
sdc               0.00     0.00    0.00    0.00     0.00     0.00     0.00     0.00    0.00   0.00   0.00
dm-0              0.00     0.00    0.00    1.33     0.00     0.01     8.00     0.01    4.00   4.00   0.53
dm-1              0.00     0.00    0.00    0.00     0.00     0.00     0.00     0.00    0.00   0.00   0.00
dm-2              0.00     0.00    0.00    0.00     0.00     0.00     0.00     0.01    0.00   0.00   1.17

avg-cpu:  %user   %nice %system %iowait  %steal   %idle
           9.26    0.00    9.36   42.01    0.00   39.37

Device:         rrqm/s   wrqm/s     r/s     w/s    rMB/s    wMB/s avgrq-sz avgqu-sz   await  svctm  %util
sda               0.00     1.00    0.00    2.33     0.00     0.01    11.43     0.00    0.43   0.71   0.17
sdb               0.00     0.00    0.00    0.00     0.00     0.00     0.00     0.00    0.00   0.00   0.00
sdc               0.00     0.00    0.00    0.00     0.00     0.00     0.00     0.00    0.00   0.00   0.00
dm-0              0.00     0.00    0.00    0.00     0.00     0.00     0.00     0.00    0.00   0.00   0.00
dm-1              0.00     0.00    0.00    0.00     0.00     0.00     0.00     0.00    0.00   0.00   0.00
dm-2              0.00     0.00    0.00    3.67     0.00     0.01     8.00     0.00    0.27   0.45   0.17

avg-cpu:  %user   %nice %system %iowait  %steal   %idle
          10.30    0.00   10.60   47.45    0.00   31.64

Device:         rrqm/s   wrqm/s     r/s     w/s    rMB/s    wMB/s avgrq-sz avgqu-sz   await  svctm  %util
sda               0.00     0.00    0.00    3.00     0.00     0.01     7.11     0.01    4.89   4.00   1.20
sdb               0.00     0.00    0.00    0.00     0.00     0.00     0.00     0.00    0.00   0.00   0.00
sdc               0.00     0.00    0.00    0.00     0.00     0.00     0.00     0.00    0.00   0.00   0.00
dm-0              0.00     0.00    0.00    2.00     0.00     0.01     8.00     0.00    0.83   0.17   0.03
dm-1              0.00     0.00    0.00    0.00     0.00     0.00     0.00     0.00    0.00   0.00   0.00
dm-2              0.00     0.00    0.00    0.33     0.00     0.00     8.00     0.01   39.00  35.00   1.17

avg-cpu:  %user   %nice %system %iowait  %steal   %idle
          10.27    0.00    6.63   35.54    0.00   47.56

Device:         rrqm/s   wrqm/s     r/s     w/s    rMB/s    wMB/s avgrq-sz avgqu-sz   await  svctm  %util
sda               0.00     1.00    0.00    0.67     0.00     0.01    20.00     0.00    0.00   2.00   0.13
sdb               0.00     0.00    0.00    0.00     0.00     0.00     0.00     0.00    0.00   0.00   0.00
sdc               0.00     0.00    0.00    0.00     0.00     0.00     0.00     0.00    0.00   0.00   0.00
dm-0              0.00     0.00    0.00    0.00     0.00     0.00     0.00     0.00    0.00   0.00   0.00
dm-1              0.00     0.00    0.00    0.00     0.00     0.00     0.00     0.00    0.00   0.00   0.00
dm-2              0.00     0.00    0.00    2.00     0.00     0.01     8.00     0.00    0.00   0.67   0.13

avg-cpu:  %user   %nice %system %iowait  %steal   %idle
           9.52    0.00    7.61   30.92    0.00   51.96

Device:         rrqm/s   wrqm/s     r/s     w/s    rMB/s    wMB/s avgrq-sz avgqu-sz   await  svctm  %util
sda               0.00     2.33    0.00    1.33     0.00     0.01    20.00     0.01    9.75   8.00   1.07
sdb               0.00     0.00    0.00    0.00     0.00     0.00     0.00     0.00    0.00   0.00   0.00
sdc               0.00     0.00    0.00    0.00     0.00     0.00     0.00     0.00    0.00   0.00   0.00
dm-0              0.00     0.00    0.00    0.00     0.00     0.00     0.00     0.00    0.00   0.00   0.00
dm-1              0.00     0.00    0.00    0.00     0.00     0.00     0.00     0.00    0.00   0.00   0.00
dm-2              0.00     0.00    0.00    3.00     0.00     0.01     8.00     0.02    6.67   3.56   1.07

avg-cpu:  %user   %nice %system %iowait  %steal   %idle
           9.07    0.00    7.12   28.35    0.00   55.46

Device:         rrqm/s   wrqm/s     r/s     w/s    rMB/s    wMB/s avgrq-sz avgqu-sz   await  svctm  %util
sda               0.00     2.33    0.00    3.33     0.00     0.02    12.80     0.01    3.40   3.40   1.13
sdb               0.00     0.00    0.00    0.00     0.00     0.00     0.00     0.00    0.00   0.00   0.00
sdc               0.00     0.00    0.00    0.00     0.00     0.00     0.00     0.00    0.00   0.00   0.00
dm-0              0.00     0.00    0.00    2.00     0.00     0.01     8.00     0.01    5.00   5.00   1.00
dm-1              0.00     0.00    0.00    0.00     0.00     0.00     0.00     0.00    0.00   0.00   0.00
dm-2              0.00     0.00    0.00    3.67     0.00     0.01     8.00     0.00    0.82   0.45   0.17

avg-cpu:  %user   %nice %system %iowait  %steal   %idle
          10.35    0.00    8.22   22.37    0.00   59.06

Device:         rrqm/s   wrqm/s     r/s     w/s    rMB/s    wMB/s avgrq-sz avgqu-sz   await  svctm  %util
sda               0.00     0.00    0.00    0.67     0.00     0.00     4.00     0.01   23.00  21.50   1.43
sdb               0.00     0.00    0.00    0.00     0.00     0.00     0.00     0.00    0.00   0.00   0.00
sdc               0.00     0.00    0.00    0.00     0.00     0.00     0.00     0.00    0.00   0.00   0.00
dm-0              0.00     0.00    0.00    0.00     0.00     0.00     0.00     0.00    0.00   0.00   0.00
dm-1              0.00     0.00    0.00    0.00     0.00     0.00     0.00     0.00    0.00   0.00   0.00
dm-2              0.00     0.00    0.00    0.00     0.00     0.00     0.00     0.01    0.00   0.00   1.40

avg-cpu:  %user   %nice %system %iowait  %steal   %idle
          12.12    0.00    9.17   40.64    0.00   38.07

Device:         rrqm/s   wrqm/s     r/s     w/s    rMB/s    wMB/s avgrq-sz avgqu-sz   await  svctm  %util
sda               0.00     1.33    0.00    3.67     0.00     0.02     9.45     0.03    7.18   7.09   2.60
sdb               0.00     0.00    0.00    0.00     0.00     0.00     0.00     0.00    0.00   0.00   0.00
sdc               0.00     0.00    0.00    0.00     0.00     0.00     0.00     0.00    0.00   0.00   0.00
dm-0              0.00     0.00    0.00    2.00     0.00     0.01     8.00     0.01    6.33   6.00   1.20
dm-1              0.00     0.00    0.00    0.00     0.00     0.00     0.00     0.00    0.00   0.00   0.00
dm-2              0.00     0.00    0.00    2.33     0.00     0.01     8.00     0.01    6.00   6.00   1.40

avg-cpu:  %user   %nice %system %iowait  %steal   %idle
          11.03    0.00    8.86   30.15    0.00   49.97

Device:         rrqm/s   wrqm/s     r/s     w/s    rMB/s    wMB/s avgrq-sz avgqu-sz   await  svctm  %util
sda               0.00     0.67    0.00    1.67     0.00     0.01    11.20     0.00    0.60   2.00   0.33
sdb               0.00     0.00    0.00    0.00     0.00     0.00     0.00     0.00    0.00   0.00   0.00
sdc               0.00     0.00    0.00    0.00     0.00     0.00     0.00     0.00    0.00   0.00   0.00
dm-0              0.00     0.00    0.00    2.67     0.00     0.01     8.00     0.00    0.62   1.25   0.33
dm-1              0.00     0.00    0.00    0.00     0.00     0.00     0.00     0.00    0.00   0.00   0.00
dm-2              0.00     0.00    0.00    0.00     0.00     0.00     0.00     0.00    0.00   0.00   0.00

avg-cpu:  %user   %nice %system %iowait  %steal   %idle
          10.79    0.00    8.58   33.37    0.00   47.26

Device:         rrqm/s   wrqm/s     r/s     w/s    rMB/s    wMB/s avgrq-sz avgqu-sz   await  svctm  %util
sda               0.00     1.00    0.00    1.67     0.00     0.01    11.20     0.01   10.00   9.00   1.50
sdb               0.00     0.00    0.00    0.00     0.00     0.00     0.00     0.00    0.00   0.00   0.00
sdc               0.00     0.00    0.00    0.00     0.00     0.00     0.00     0.00    0.00   0.00   0.00
dm-0              0.00     0.00    0.00    0.00     0.00     0.00     0.00     0.01    0.00   0.00   1.37
dm-1              0.00     0.00    0.00    0.00     0.00     0.00     0.00     0.00    0.00   0.00   0.00
dm-2              0.00     0.00    0.00    2.33     0.00     0.01     8.00     0.00    0.00   0.71   0.17

avg-cpu:  %user   %nice %system %iowait  %steal   %idle
           8.28    0.00    7.46   38.93    0.00   45.32

Device:         rrqm/s   wrqm/s     r/s     w/s    rMB/s    wMB/s avgrq-sz avgqu-sz   await  svctm  %util
sda               0.00     0.67    0.00    1.67     0.00     0.01     9.60     0.02    8.80   9.60   1.60
sdb               0.00     0.00    0.00    0.00     0.00     0.00     0.00     0.00    0.00   0.00   0.00
sdc               0.00     0.00    0.00    0.00     0.00     0.00     0.00     0.00    0.00   0.00   0.00
dm-0              0.00     0.00    0.00    2.00     0.00     0.01     8.00     0.00    0.33   1.83   0.37
dm-1              0.00     0.00    0.00    0.00     0.00     0.00     0.00     0.00    0.00   0.00   0.00
dm-2              0.00     0.00    0.00    0.00     0.00     0.00     0.00     0.01    0.00   0.00   1.23

avg-cpu:  %user   %nice %system %iowait  %steal   %idle
           8.87    0.00    7.25   36.22    0.00   47.65

Device:         rrqm/s   wrqm/s     r/s     w/s    rMB/s    wMB/s avgrq-sz avgqu-sz   await  svctm  %util
sda               0.00     1.00    0.00    1.33     0.00     0.01    12.00     0.01    7.75   6.50   0.87
sdb               0.00     0.00    0.00    0.00     0.00     0.00     0.00     0.00    0.00   0.00   0.00
sdc               0.00     0.00    0.00    0.00     0.00     0.00     0.00     0.00    0.00   0.00   0.00
dm-0              0.00     0.00    0.00    0.00     0.00     0.00     0.00     0.01    0.00   0.00   0.70
dm-1              0.00     0.00    0.00    0.00     0.00     0.00     0.00     0.00    0.00   0.00   0.00
dm-2              0.00     0.00    0.00    2.00     0.00     0.01     8.00     0.00    0.00   0.67   0.13

avg-cpu:  %user   %nice %system %iowait  %steal   %idle
          12.44    0.00   12.75   58.89    0.00   15.92

Device:         rrqm/s   wrqm/s     r/s     w/s    rMB/s    wMB/s avgrq-sz avgqu-sz   await  svctm  %util
sda               0.00     0.33    0.00    2.67     0.00     0.01     8.00     0.02    6.12   6.12   1.63
sdb               0.00     0.00    0.00    0.00     0.00     0.00     0.00     0.00    0.00   0.00   0.00
sdc               0.00     0.00    0.00    0.00     0.00     0.00     0.00     0.00    0.00   0.00   0.00
dm-0              0.00     0.00    0.00    1.67     0.00     0.01     8.00     0.00    0.40   2.20   0.37
dm-1              0.00     0.00    0.00    0.00     0.00     0.00     0.00     0.00    0.00   0.00   0.00
dm-2              0.00     0.00    0.00    1.00     0.00     0.00     8.00     0.01   16.00  12.67   1.27

avg-cpu:  %user   %nice %system %iowait  %steal   %idle
          12.64    0.00   15.98   54.43    0.00   16.95

Device:         rrqm/s   wrqm/s     r/s     w/s    rMB/s    wMB/s avgrq-sz avgqu-sz   await  svctm  %util
sda               0.00     1.00    0.00    1.67     0.00     0.01    11.20     0.01    7.80   6.60   1.10
sdb               0.00     0.00    0.00    0.00     0.00     0.00     0.00     0.00    0.00   0.00   0.00
sdc               0.00     0.00    0.00    0.00     0.00     0.00     0.00     0.00    0.00   0.00   0.00
dm-0              0.00     0.00    0.00    0.33     0.00     0.00     8.00     0.01   39.00  29.00   0.97
dm-1              0.00     0.00    0.00    0.00     0.00     0.00     0.00     0.00    0.00   0.00   0.00
dm-2              0.00     0.00    0.00    2.00     0.00     0.01     8.00     0.00    0.00   0.83   0.17

avg-cpu:  %user   %nice %system %iowait  %steal   %idle
          14.94    0.00   20.36   54.85    0.00    9.85

Device:         rrqm/s   wrqm/s     r/s     w/s    rMB/s    wMB/s avgrq-sz avgqu-sz   await  svctm  %util
sda               0.00     3.00    0.00    2.67     0.00     0.02    16.00     0.02    5.75   5.62   1.50
sdb               0.00     0.00    0.00    0.00     0.00     0.00     0.00     0.00    0.00   0.00   0.00
sdc               0.00     0.00    0.00    0.00     0.00     0.00     0.00     0.00    0.00   0.00   0.00
dm-0              0.00     0.00    0.00    1.67     0.00     0.01     8.00     0.00    0.40   2.20   0.37
dm-1              0.00     0.00    0.00    0.00     0.00     0.00     0.00     0.00    0.00   0.00   0.00
dm-2              0.00     0.00    0.00    3.67     0.00     0.01     8.00     0.02    6.27   3.09   1.13

avg-cpu:  %user   %nice %system %iowait  %steal   %idle
          15.78    0.00   21.55   51.87    0.00   10.80

Device:         rrqm/s   wrqm/s     r/s     w/s    rMB/s    wMB/s avgrq-sz avgqu-sz   await  svctm  %util
sda               0.00     2.00    0.00    2.67     0.00     0.02    13.00     0.01    5.00   3.88   1.03
sdb               0.00     0.00    0.00    0.00     0.00     0.00     0.00     0.00    0.00   0.00   0.00
sdc               0.00     0.00    0.00    0.00     0.00     0.00     0.00     0.00    0.00   0.00   0.00
dm-0              0.00     0.00    0.00    0.67     0.00     0.00     8.00     0.01   19.50  13.00   0.87
dm-1              0.00     0.00    0.00    0.00     0.00     0.00     0.00     0.00    0.00   0.00   0.00
dm-2              0.00     0.00    0.00    3.67     0.00     0.01     8.00     0.00    0.64   0.45   0.17

avg-cpu:  %user   %nice %system %iowait  %steal   %idle
          13.69    0.00   15.24   63.94    0.00    7.13

Device:         rrqm/s   wrqm/s     r/s     w/s    rMB/s    wMB/s avgrq-sz avgqu-sz   await  svctm  %util
sda               0.00     0.00    0.00    0.67     0.00     0.00     4.00     0.01   20.50  19.00   1.27
sdb               0.00     0.00    0.00    0.00     0.00     0.00     0.00     0.00    0.00   0.00   0.00
sdc               0.00     0.00    0.00    0.00     0.00     0.00     0.00     0.00    0.00   0.00   0.00
dm-0              0.00     0.00    0.00    0.00     0.00     0.00     0.00     0.00    0.00   0.00   0.00
dm-1              0.00     0.00    0.00    0.00     0.00     0.00     0.00     0.00    0.00   0.00   0.00
dm-2              0.00     0.00    0.00    0.00     0.00     0.00     0.00     0.01    0.00   0.00   1.23

avg-cpu:  %user   %nice %system %iowait  %steal   %idle
          12.07    0.00    7.66   61.12    0.00   19.14

Device:         rrqm/s   wrqm/s     r/s     w/s    rMB/s    wMB/s avgrq-sz avgqu-sz   await  svctm  %util
sda               0.00     1.33    0.00    2.67     0.00     0.01    11.00     0.01    3.88   4.25   1.13
sdb               0.00     0.00    0.00    0.00     0.00     0.00     0.00     0.00    0.00   0.00   0.00
sdc               0.00     0.00    0.00    0.00     0.00     0.00     0.00     0.00    0.00   0.00   0.00
dm-0              0.00     0.00    0.00    1.67     0.00     0.01     8.00     0.01    6.40   6.20   1.03
dm-1              0.00     0.00    0.00    0.00     0.00     0.00     0.00     0.00    0.00   0.00   0.00
dm-2              0.00     0.00    0.00    2.33     0.00     0.01     8.00     0.00    0.00   0.57   0.13

