procs -----------memory---------- ---swap-- -----io---- --system-- -----cpu-----
 r  b   swpd   free   buff  cache   si   so    bi    bo   in   cs us sy id wa st
10  1      0 44119672 235028 19955268    0    0   822   887    0    5  1  0 96  2  0	
 2  1      0 43799056 235028 20116216    0    0 53179 33877 8481 15448  2  1 96  1  0	
 7  0      0 43465936 235036 20282956    0    0 54859 14370 8805 15935  2  1 96  1  0	
 3  1      0 43131624 235036 20448452    0    0 54875 14013 8692 15921  2  1 96  1  0	
 1  1      0 42798048 235036 20613036    0    0 53685 14057 8548 15979  2  1 96  1  0	
 0  1      0 42463164 235036 20779464    0    0 55149 15041 8728 16157  2  1 96  1  0	
 2  1      0 42128340 235048 20945244    0    0 54909 14571 8768 16007  2  1 96  1  0	
 1  0      0 41937744 235052 21110088    0    0 54541 14358 7883 14645  2  1 97  1  0	
 0  1      0 41774616 235056 21271784    0    0 54219 14489 7669 14521  1  1 97  1  0	
 1  1      0 41619164 235056 21428640    0    0 52725 14362 7390 14069  1  0 97  1  0	
 2  1      0 41457144 235060 21590232    0    0 54173 14334 7710 14492  1  1 97  1  0	
 0  1      0 41295684 235060 21750428    0    0 53840 14241 7587 14355  1  1 97  1  0	
 1  0      0 41133772 235064 21912248    0    0 54368 14627 7710 14552  1  1 97  1  0	
 2  0      0 40976676 235064 22072824    0    0 54229 14788 7692 14477  1  1 97  1  0	
 8 123      0 38487016 235068 23486688    0    0 386637 139519 17722 87042 16  9 56 19  0	
 0 44      0 36551376 235076 24632116    0    0 741552 432726 20022 173057 18 14  2 66  0	
 6 123      0 35908716 235084 24639428    0    0 664747 425951 16878 163045 17  9 10 64  0	
 2 126      0 35330264 235088 24645468    0    0 621094 431000 16861 158663 17  9 23 51  0	
 4 128      0 34815304 235092 24652628    0    0 714760 445516 16440 169619 17  9  7 67  0	
31 35      0 34510080 235092 24655024    0    0 406909 482216 17139 377597 10 10 44 36  0	
 6 12      0 34159672 235100 24656136    0    0 563365 405193 18040 416089 10 12 32 45  0	
procs -----------memory---------- ---swap-- -----io---- --system-- -----cpu-----
 r  b   swpd   free   buff  cache   si   so    bi    bo   in   cs us sy id wa st
18 90      0 33220884 235104 24656628    0    0 1268096 123182 24401 631692 17 25 18 39  0	
13 15      0 33068064 235108 24656656    0    0 683611 349523 23727 485876 11 15 32 43  0	
 2 11      0 33020272 235108 24656660    0    0 318835 485251 22818 390270  7  9 42 41  0	
11 18      0 32956180 235116 24656668    0    0 367571 451629 23034 410545  8  9 44 39  0	
 5 30      0 32911440 235120 24656668    0    0 448611 418492 23765 422328  9 10 44 37  0	
 2 12      0 32880944 235120 24656676    0    0 428283 399849 22634 413519  8 10 46 36  0	
10 41      0 32861716 235124 24656768    0    0 414048 454815 16987 349417  8  9 54 29  0	
 0  0      0 32827624 235128 24658532    0    0 475539 367100 16038 350402 11  9 49 31  0	
 1  0      0 32805940 235128 24661432    0    0 310136 359435 13483 254436 11  8 63 18  0	
28 108      0 32781876 235132 24664788    0    0 334134 313626 14023 233927 12  8 66 14  0	
 3  1      0 32693852 235140 24667732    0    0 372837 304894 14026 243326 12  8 65 14  0	
29 85      0 32624900 235156 24672220    0    0 373635 320294 13847 236622 12  8 65 14  0	
 0 11      0 32599852 235156 24674868    0    0 376939 327313 13894 247510 12  8 58 22  0	
 1 43      0 32572836 235172 24679980    0    0 386456 310520 14244 234189 13  8 63 15  0	
103 80      0 32551648 235172 24683232    0    0 336768 338398 12736 220634 11  7 64 18  0	
27 109      0 32535048 235184 24686928    0    0 417064 347751 13834 228446 12  8 53 27  0	
 3 16      0 32511496 235184 24689648    0    0 783536 420099 19356 458317 13 12 19 56  0	
19 72      0 32492360 235200 24690204    0    0 1197477 174218 22541 616395 16 21 22 40  0	
 4 18      0 32462740 235200 24690248    0    0 1193171 176729 23736 638770 15 21 19 45  0	
 5 13      0 32451820 235208 24690248    0    0 257885 494593 21870 359151  7  8 50 35  0	
 6 13      0 32446860 235208 24690252    0    0 303675 469588 22501 381821  7  8 47 37  0	
procs -----------memory---------- ---swap-- -----io---- --system-- -----cpu-----
 r  b   swpd   free   buff  cache   si   so    bi    bo   in   cs us sy id wa st
10 17      0 32442024 235212 24690272    0    0 402203 423536 22966 407904  8  9 44 38  0	
16 75      0 32433964 235212 24690276    0    0 546909 382259 23226 466290 10 11 41 39  0	
 8 22      0 32447240 235216 24690432    0    0 440384 208292 17617 246520  9  6 55 29  0	
10  1      0 32436940 235216 24692824    0    0 314224 470339 18199 307519 13  8 58 22  0	
 0  4      0 32426152 235232 24695988    0    0 364987 343522 13867 260577 11  7 62 19  0	
 3 12      0 32416844 235240 24700092    0    0 388997 312684 14154 243157 13  8 65 14  0	
32 77      0 32412396 235240 24704176    0    0 338651 364571 12692 224150 11  7 66 15  0	
 0  1      0 32407188 235248 24707384    0    0 394613 347401 14182 247414 12  8 62 18  0	
 2  5      0 32402096 235252 24711504    0    0 420635 332713 14628 249174 14  8 60 18  0	
14  6      0 32394904 235260 24715848    0    0 398493 309398 13771 245530 13  8 63 17  0	
25 81      0 32389316 235268 24719660    0    0 326485 344801 11709 194819 11  6 66 17  0	
 5 19      0 32384728 235276 24721972    0    0 473912 376228 16846 349683 12  9 46 33  0	
 5 35      0 32380008 235280 24723564    0    0 989832 233248 20792 523823 16 17 26 42  0	
18 51      0 32378892 235284 24723700    0    0 715635 380242 18085 452255 11 13 37 39  0	
 5 42      0 32373924 235288 24723768    0    0 967904 235936 22894 567800 13 18 29 40  0	
10 15      0 32366484 235296 24723816    0    0 317534 495557 22069 388151  8  8 44 40  0	
 3  5      0 32362304 235304 24723820    0    0 380536 428661 22285 400364  8  9 43 41  0	
 2  2      0 32357096 235308 24723820    0    0 467741 395444 23201 436508  9 10 43 39  0	
 6  4      0 32350980 235312 24723828    0    0 929464 205443 22232 468570 13 12 29 46  0	
 3  0      0 32367960 235312 24725460    0    0 225611 343019 13508 265508  8  6 73 13  0	
 1  0      0 32365016 235328 24727808    0    0 268285 428254 12725 242419 11  6 72 11  0	
procs -----------memory---------- ---swap-- -----io---- --system-- -----cpu-----
 r  b   swpd   free   buff  cache   si   so    bi    bo   in   cs us sy id wa st
 3 127      0 32359536 235328 24732248    0    0 399246 335219 13543 221993 12  7 58 23  0	
10 14      0 32352788 235344 24738120    0    0 599789 291125 16418 336975 14 10 50 26  0	
12 40      0 32345952 235344 24743840    0    0 614869 317494 15081 327357 12  9 49 29  0	
 0 124      0 32340496 235356 24748528    0    0 545939 344296 13844 296856 11  8 48 32  0	
 4  0      0 32332924 235356 24753304    0    0 713422 283000 17972 430248 14 13 42 32  0	
10 35      0 32330568 235368 24755260    0    0 620701 426464 18183 430805 11 11 32 45  0	
 5 29      0 32328336 235368 24755824    0    0 1279707 138627 22469 666495 16 21 16 47  0	
 4 19      0 32328852 235380 24755872    0    0 581069 408119 19324 446735 10 11 44 36  0	
 4 15      0 32323540 235380 24755876    0    0 322509 404673 21610 386640  8  8 51 34  0	
 6 85      0 32318112 235388 24755884    0    0 466077 375080 22659 441249  9  9 43 39  0	
 1 23      0 32309928 235388 24755884    0    0 509643 352292 23179 462110  9 10 41 41  0	
 2 22      0 32331452 235404 24755888    0    0 740397 86343 19424 294748 13  9 46 32  0	
51 29      0 32330088 235404 24756592    0    0 485941 309302 18008 430343  9  9 46 36  0	
52 96      0 32326748 235416 24760572    0    0 429861 347687 15107 353237 11  9 65 15  0	
 1 128      0 32321540 235416 24765036    0    0 489208 288580 12881 281223 11  9 63 17  0	
 1  4      0 32313348 235428 24771332    0    0 707331 346045 16214 339021 14  9 34 43  0	
 2 129      0 32306040 235428 24777260    0    0 609683 327840 15257 300840 13  9 44 34  0	
 0  3      0 32301204 235440 24781212    0    0 460853 414766 15177 335665 10  8 57 24  0	
 2 39      0 32295608 235440 24785080    0    0 642555 368513 18103 421952 13 11 43 33  0	
23 84      0 32293236 235452 24786688    0    0 500669 450663 16513 394175 10  9 44 37  0	
24 92      0 32290388 235452 24787156    0    0 1495408 62581 24020 727139 18 24 14 44  0	
procs -----------memory---------- ---swap-- -----io---- --system-- -----cpu-----
 r  b   swpd   free   buff  cache   si   so    bi    bo   in   cs us sy id wa st
 6  4      0 32289980 235468 24787164    0    0 1371077 97067 23292 691487 17 22 17 44  0	
 4 18      0 32282288 235468 24787168    0    0 613264 377408 23181 510482 10 11 33 46  0	
25 40      0 32269144 235472 24787200    0    0 568256 340945 22053 475411  9 10 38 42  0	
 0 122      0 32287580 235472 24787256    0    0 268699 343869 14028 261116  6  5 65 23  0	
 5  1      0 32288204 235484 24789752    0    0 215507 457558 16225 318216  9  6 69 16  0	
10  4      0 32285724 235484 24792804    0    0 384395 447799 15820 332457 12  8 64 16  0	
 0  9      0 32279524 235500 24798284    0    0 502680 322791 14956 302644 12  9 59 20  0	
 8  9      0 32273076 235500 24802836    0    0 595171 333129 14537 303564 12  9 47 32  0	
17 89      0 32265388 235512 24809596    0    0 610221 289578 15241 334976 13  9 52 26  0	
 6  4      0 32261980 235520 24812396    0    0 377541 443764 14635 340857 10  8 63 20  0	
 0  7      0 32258020 235524 24815208    0    0 335067 476034 13733 305587  9  7 63 22  0	
11 106      0 32254656 235532 24817672    0    0 898051 250653 19777 514491 14 15 26 45  0	
23  5      0 32245996 235540 24818068    0    0 1495029 64697 23823 726093 18 24 14 44  0	
 4  3      0 32242140 235544 24818072    0    0 959459 238088 22730 577390 13 17 30 41  0	
 8  9      0 32235288 235552 24818068    0    0 512752 373407 22797 461235  9  9 39 42  0	
13 12      0 32229984 235552 24818076    0    0 623680 348311 23095 488847 10 10 32 47  0	
 1 11      0 32245024 235560 24818080    0    0 480299 199004 18069 284145 10  7 48 36  0	
 4  7      0 32246652 235560 24820452    0    0 374659 376649 18851 364824  9  8 52 31  0	
21 112      0 32245188 235572 24823308    0    0 330107 429808 14784 331328  9  7 54 29  0	
 8 65      0 32239120 235572 24827284    0    0 435557 334158 13679 304320 10  8 60 22  0	
42 18      0 32233756 235584 24832328    0    0 577640 287518 14781 302148 12  9 38 41  0	
procs -----------memory---------- ---swap-- -----io---- --system-- -----cpu-----
 r  b   swpd   free   buff  cache   si   so    bi    bo   in   cs us sy id wa st
 0  3      0 32229664 235588 24835884    0    0 468464 338692 14222 310465 11  8 51 30  0	
 2 25      0 32223952 235596 24839744    0    0 441995 357256 15191 338560 11  9 46 34  0	
 4  3      0 32220860 235600 24843372    0    0 339624 399572 14630 317724  8  7 46 38  0	
 1 12      0 32217396 235604 24845700    0    0 355928 383830 14735 309172  9  7 47 36  0	
 1 48      0 32214544 235608 24847792    0    0 756968 273054 18321 455920 12 13 15 60  0	
 4 67      0 32213048 235612 24848272    0    0 955395 220814 19596 532770 13 16 17 54  0	
16 102      0 32214600 235616 24848276    0    0 1245320 158574 22501 656142 15 20 10 55  0	
27 79      0 32213880 235620 24848400    0    0 1301549 134025 22600 676428 16 21 11 52  0	
31 81      0 32210152 235620 24851004    0    0 912685 232946 20173 523371 14 15  7 63  0	
 2  2      0 32258884 235632 24852924    0    0 364659 352862 15896 303395 12  7 21 61  0	
